Mplus VERSION 5.21
MUTHEN & MUTHEN
08/21/2009  11:31 AM

INPUT INSTRUCTIONS

  TITLE:                 Four class FMM

  DATA:                  FILE IS fmm_5.dat;

  VARIABLE:
                          NAMES ARE tc y1-y4;
                          USEVARIABLES ARE y1-y4;
                          IDVAR IS tc;

                          CLASSES = c(4);

  ANALYSIS:         TYPE = MIXTURE;
                          ITERATIONS = 500;
                          STARTS = 200 100;
                          STITERATIONS = 5;
                          STSCALE = 5;
                          STSEED = 198;

  MODEL:
  %OVERALL%
  ! factor loadings
  F1 by y1-y4;
  ! factor mean
  [f1];
  ! factor variance
  f1;

  %c#1%
  ! factor loadings (class invariant)
  F1 by y1@1
            y2 (1)
            y3 (2)
            y4 (3);
  ! factor mean
  [f1];
  ! factor variance
  f1;
  ! indicator means (fixed at zero)
  [y1-y4@0];
  ! residual variances (class specific)
  y1-y4;

  %c#2%
  ! factor loadings (class invariant)
  F1 by y1@1
            y2 (1)
            y3 (2)
            y4 (3);
  ! factor mean
  [f1];
  ! factor variance
  f1;
  ! indicator means (fixed at zero)
  [y1-y4@0];
  ! residual variances (class specific)
  y1-y4;

  %c#3%
  ! factor loadings (class invariant)
  F1 by y1@1
            y2 (1)
            y3 (2)
            y4 (3);
  ! factor mean
  [f1];
  ! factor variance
  f1;
  ! indicator means (fixed at zero)
  [y1-y4@0];
  ! residual variances (class variant)
  y1-y4;

  %c#4%
  ! factor loadings (class invariant)
  F1 by y1@1
            y2 (1)
            y3 (2)
            y4 (3);
  ! factor mean - reference class, fix at zero for identification
  [f1@0];
  ! factor variance
  f1;
  ! indicator means (fixed at zero)
  [y1-y4@0];
  ! residual variances (class specific)
  y1-y4;





  SAVEDATA:       Results are fmm_dat5.par;
                                  FILE IS fmm_dat5.pro;
                                  SAVE IS CPROBABILITIES;

  OUTPUT: tech1 tech4;





INPUT READING TERMINATED NORMALLY



Four class FMM

SUMMARY OF ANALYSIS

Number of groups                                                 1
Number of observations                                         942

Number of dependent variables                                    4
Number of independent variables                                  0
Number of continuous latent variables                            1
Number of categorical latent variables                           1

Observed dependent variables

  Continuous
   Y1          Y2          Y3          Y4

Continuous latent variables
   F1

Categorical latent variables
   C

Variables with special functions

  ID variable           TC

Estimator                                                      MLR
Information matrix                                        OBSERVED
Optimization Specifications for the Quasi-Newton Algorithm for
Continuous Outcomes
  Maximum number of iterations                                 500
  Convergence criterion                                  0.100D-05
Optimization Specifications for the EM Algorithm
  Maximum number of iterations                                 500
  Convergence criteria
    Loglikelihood change                                 0.100D-06
    Relative loglikelihood change                        0.100D-06
    Derivative                                           0.100D-05
Optimization Specifications for the M step of the EM Algorithm for
Categorical Latent variables
  Number of M step iterations                                    1
  M step convergence criterion                           0.100D-05
  Basis for M step termination                           ITERATION
Optimization Specifications for the M step of the EM Algorithm for
Censored, Binary or Ordered Categorical (Ordinal), Unordered
Categorical (Nominal) and Count Outcomes
  Number of M step iterations                                    1
  M step convergence criterion                           0.100D-05
  Basis for M step termination                           ITERATION
  Maximum value for logit thresholds                            15
  Minimum value for logit thresholds                           -15
  Minimum expected cell size for chi-square              0.100D-01
Optimization algorithm                                         EMA
Random Starts Specifications
  Number of initial stage random starts                        200
  Number of final stage optimizations                          100
  Number of initial stage iterations                             5
  Initial stage convergence criterion                    0.100D+01
  Random starts scale                                    0.500D+01
  Random seed for generating random starts                     198

Input data file(s)
  fmm_5.dat
Input data format  FREE


RANDOM STARTS RESULTS RANKED FROM THE BEST TO THE WORST LOGLIKELIHOOD VALUES

28 perturbed starting value run(s) did not converge in the initial stage
optimizations.

Final stage loglikelihood values at local maxima, seeds, and initial stage start numbers:

           -5095.673  349398           127
           -5095.673  289640           191
           -5095.673  395355           198
           -5095.673  763865           81
           -5095.673  328621           42
           -5101.353  282947           199
           -5101.353  863112           37
           -5101.353  121952           188
           -5101.353  706552           165
           -5101.353  647908           79
           -5101.353  492143           175
           -5101.353  239858           120
           -5101.353  267755           158
           -5101.353  841652           170
           -5101.353  441479           96
           -5101.353  697027           108
           -5101.353  892800           135
           -5101.353  7104             148
           -5101.353  402468           136
           -5101.353  588566           160
           -5101.353  418997           9
           -5101.353  784692           151
           -5101.353  877216           47
           -5101.353  66694            167
           -5238.794  239099           12
           -5249.698  726833           117
           -5249.979  626011           161
           -5253.160  717278           121
           -5255.849  198203           29
           -5263.154  793020           16
           -5264.401  66612            176
           -5269.189  32111            92
           -5270.226  858802           66
           -5270.226  370472           110
           -5271.320  263453           48
           -5271.320  830087           100
           -5273.885  907715           90
           -5277.047  480302           19
           -5277.619  443024           128
           -5277.619  470203           22
           -5280.575  960279           28
           -5280.978  264708           181
           -5280.978  913605           62
           -5280.978  505082           15
           -5280.978  391382           104
           -5280.978  470342           18
           -5280.978  678422           129
           -5280.978  562919           183
           -5280.978  865939           41
           -5280.978  423636           83
           -5280.978  739843           26
           -5281.805  988299           189
           -5285.654  875831           32
           -5285.654  72564            1
           -5285.654  537137           179
           -5285.654  988251           84
           -5285.654  268921           7
           -5285.654  899645           56
           -5286.606  372807           53
           -5309.559  926776           103
           -5309.559  283986           93
           -5310.219  177324           107
           -5311.734  277982           200
           -5311.734  940195           72
           -5311.734  116204           111
           -5311.734  464210           130
           -5312.978  758646           166
           -5313.083  933488           35
           -5313.083  340352           125
           -5313.083  392957           144
           -5313.699  121797           77
           -5314.095  696929           150
           -5316.661  536421           33
           -5319.802  87008            102
           -5322.772  346446           45
           -5378.263  282521           152
           -5385.619  5623             173
           -5386.655  366649           194
           -5389.150  24149            172
           -5392.891  856051           168
           -5396.984  530223           139
           -5424.108  85855            95
           -5424.108  960604           106
           -5424.108  995329           154

16 perturbed starting value run(s) did not converge.



     WARNING:  WHEN ESTIMATING A MODEL WITH MORE THAN TWO CLASSES, IT MAY BE
     NECESSARY TO INCREASE THE NUMBER OF RANDOM STARTS USING THE STARTS OPTION
     TO AVOID LOCAL MAXIMA.


THE MODEL ESTIMATION TERMINATED NORMALLY



TESTS OF MODEL FIT

Loglikelihood

          H0 Value                       -5095.673
          H0 Scaling Correction Factor       1.027
            for MLR

Information Criteria

          Number of Free Parameters             29
          Akaike (AIC)                   10249.345
          Bayesian (BIC)                 10389.937
          Sample-Size Adjusted BIC       10297.835
            (n* = (n + 2) / 24)



FINAL CLASS COUNTS AND PROPORTIONS FOR THE LATENT CLASSES
BASED ON THE ESTIMATED MODEL

    Latent
   Classes

       1        322.44169          0.34229
       2        297.91043          0.31625
       3        151.81722          0.16116
       4        169.83067          0.18029


FINAL CLASS COUNTS AND PROPORTIONS FOR THE LATENT CLASS PATTERNS
BASED ON ESTIMATED POSTERIOR PROBABILITIES

    Latent
   Classes

       1        322.44169          0.34229
       2        297.91043          0.31625
       3        151.81722          0.16116
       4        169.83067          0.18029


CLASSIFICATION QUALITY

     Entropy                         0.955


CLASSIFICATION OF INDIVIDUALS BASED ON THEIR MOST LIKELY LATENT CLASS MEMBERSHIP

Class Counts and Proportions

    Latent
   Classes

       1              324          0.34395
       2              299          0.31741
       3              152          0.16136
       4              167          0.17728


Average Latent Class Probabilities for Most Likely Latent Class Membership (Row)
by Latent Class (Column)

           1        2        3        4

    1   0.975    0.000    0.000    0.025
    2   0.000    0.987    0.002    0.011
    3   0.000    0.005    0.995    0.000
    4   0.039    0.013    0.000    0.948


MODEL RESULTS

                                                    Two-Tailed
                    Estimate       S.E.  Est./S.E.    P-Value

Latent Class 1

 F1       BY
    Y1                 1.000      0.000    999.000    999.000
    Y2                 0.803      0.005    168.276      0.000
    Y3                 0.800      0.005    165.974      0.000
    Y4                 0.805      0.005    171.251      0.000

 Means
    F1                -4.115      0.070    -59.081      0.000

 Intercepts
    Y1                 0.000      0.000    999.000    999.000
    Y2                 0.000      0.000    999.000    999.000
    Y3                 0.000      0.000    999.000    999.000
    Y4                 0.000      0.000    999.000    999.000

 Variances
    F1                 1.072      0.121      8.821      0.000

 Residual Variances
    Y1                 0.251      0.032      7.959      0.000
    Y2                 0.283      0.031      9.187      0.000
    Y3                 0.306      0.030     10.313      0.000
    Y4                 0.272      0.024     11.223      0.000

Latent Class 2

 F1       BY
    Y1                 1.000      0.000    999.000    999.000
    Y2                 0.803      0.005    168.276      0.000
    Y3                 0.800      0.005    165.974      0.000
    Y4                 0.805      0.005    171.251      0.000

 Means
    F1                 3.910      0.040     97.196      0.000

 Intercepts
    Y1                 0.000      0.000    999.000    999.000
    Y2                 0.000      0.000    999.000    999.000
    Y3                 0.000      0.000    999.000    999.000
    Y4                 0.000      0.000    999.000    999.000

 Variances
    F1                 0.262      0.043      6.113      0.000

 Residual Variances
    Y1                 0.321      0.035      9.132      0.000
    Y2                 0.281      0.028     10.204      0.000
    Y3                 0.278      0.029      9.584      0.000
    Y4                 0.279      0.026     10.583      0.000

Latent Class 3

 F1       BY
    Y1                 1.000      0.000    999.000    999.000
    Y2                 0.803      0.005    168.276      0.000
    Y3                 0.800      0.005    165.974      0.000
    Y4                 0.805      0.005    171.251      0.000

 Means
    F1                 7.901      0.074    106.091      0.000

 Intercepts
    Y1                 0.000      0.000    999.000    999.000
    Y2                 0.000      0.000    999.000    999.000
    Y3                 0.000      0.000    999.000    999.000
    Y4                 0.000      0.000    999.000    999.000

 Variances
    F1                 0.489      0.077      6.354      0.000

 Residual Variances
    Y1                 0.293      0.044      6.602      0.000
    Y2                 0.296      0.046      6.448      0.000
    Y3                 0.278      0.038      7.302      0.000
    Y4                 0.218      0.033      6.634      0.000

Latent Class 4

 F1       BY
    Y1                 1.000      0.000    999.000    999.000
    Y2                 0.803      0.005    168.276      0.000
    Y3                 0.800      0.005    165.974      0.000
    Y4                 0.805      0.005    171.251      0.000

 Means
    F1                 0.000      0.000    999.000    999.000

 Intercepts
    Y1                 0.000      0.000    999.000    999.000
    Y2                 0.000      0.000    999.000    999.000
    Y3                 0.000      0.000    999.000    999.000
    Y4                 0.000      0.000    999.000    999.000

 Variances
    F1                 1.304      0.307      4.251      0.000

 Residual Variances
    Y1                 0.340      0.058      5.850      0.000
    Y2                 0.223      0.036      6.263      0.000
    Y3                 0.290      0.051      5.703      0.000
    Y4                 0.210      0.031      6.848      0.000

Categorical Latent Variables

 Means
    C#1                0.641      0.118      5.449      0.000
    C#2                0.562      0.115      4.884      0.000
    C#3               -0.112      0.123     -0.913      0.361


QUALITY OF NUMERICAL RESULTS

     Condition Number for the Information Matrix              0.109E-03
       (ratio of smallest to largest eigenvalue)


TECHNICAL 1 OUTPUT


     PARAMETER SPECIFICATION FOR LATENT CLASS 1


           NU
              Y1            Y2            Y3            Y4
              ________      ________      ________      ________
 1                  0             0             0             0


           LAMBDA
              F1
              ________
 Y1                 0
 Y2                 1
 Y3                 2
 Y4                 3


           THETA
              Y1            Y2            Y3            Y4
              ________      ________      ________      ________
 Y1                 4
 Y2                 0             5
 Y3                 0             0             6
 Y4                 0             0             0             7


           ALPHA
              F1
              ________
 1                  8


           BETA
              F1
              ________
 F1                 0


           PSI
              F1
              ________
 F1                 9


     PARAMETER SPECIFICATION FOR LATENT CLASS 2


           NU
              Y1            Y2            Y3            Y4
              ________      ________      ________      ________
 1                  0             0             0             0


           LAMBDA
              F1
              ________
 Y1                 0
 Y2                 1
 Y3                 2
 Y4                 3


           THETA
              Y1            Y2            Y3            Y4
              ________      ________      ________      ________
 Y1                10
 Y2                 0            11
 Y3                 0             0            12
 Y4                 0             0             0            13


           ALPHA
              F1
              ________
 1                 14


           BETA
              F1
              ________
 F1                 0


           PSI
              F1
              ________
 F1                15


     PARAMETER SPECIFICATION FOR LATENT CLASS 3


           NU
              Y1            Y2            Y3            Y4
              ________      ________      ________      ________
 1                  0             0             0             0


           LAMBDA
              F1
              ________
 Y1                 0
 Y2                 1
 Y3                 2
 Y4                 3


           THETA
              Y1            Y2            Y3            Y4
              ________      ________      ________      ________
 Y1                16
 Y2                 0            17
 Y3                 0             0            18
 Y4                 0             0             0            19


           ALPHA
              F1
              ________
 1                 20


           BETA
              F1
              ________
 F1                 0


           PSI
              F1
              ________
 F1                21


     PARAMETER SPECIFICATION FOR LATENT CLASS 4


           NU
              Y1            Y2            Y3            Y4
              ________      ________      ________      ________
 1                  0             0             0             0


           LAMBDA
              F1
              ________
 Y1                 0
 Y2                 1
 Y3                 2
 Y4                 3


           THETA
              Y1            Y2            Y3            Y4
              ________      ________      ________      ________
 Y1                22
 Y2                 0            23
 Y3                 0             0            24
 Y4                 0             0             0            25


           ALPHA
              F1
              ________
 1                  0


           BETA
              F1
              ________
 F1                 0


           PSI
              F1
              ________
 F1                26


     PARAMETER SPECIFICATION FOR LATENT CLASS REGRESSION MODEL PART


           ALPHA(C)
              C#1           C#2           C#3           C#4
              ________      ________      ________      ________
 1                 27            28            29             0


     STARTING VALUES FOR LATENT CLASS 1


           NU
              Y1            Y2            Y3            Y4
              ________      ________      ________      ________
 1              0.000         0.000         0.000         0.000


           LAMBDA
              F1
              ________
 Y1             1.000
 Y2             1.000
 Y3             1.000
 Y4             1.000


           THETA
              Y1            Y2            Y3            Y4
              ________      ________      ________      ________
 Y1            10.281
 Y2             0.000         6.652
 Y3             0.000         0.000         6.622
 Y4             0.000         0.000         0.000         6.674


           ALPHA
              F1
              ________
 1              0.000


           BETA
              F1
              ________
 F1             0.000


           PSI
              F1
              ________
 F1             0.050


     STARTING VALUES FOR LATENT CLASS 2


           NU
              Y1            Y2            Y3            Y4
              ________      ________      ________      ________
 1              0.000         0.000         0.000         0.000


           LAMBDA
              F1
              ________
 Y1             1.000
 Y2             1.000
 Y3             1.000
 Y4             1.000


           THETA
              Y1            Y2            Y3            Y4
              ________      ________      ________      ________
 Y1            10.281
 Y2             0.000         6.652
 Y3             0.000         0.000         6.622
 Y4             0.000         0.000         0.000         6.674


           ALPHA
              F1
              ________
 1              0.000


           BETA
              F1
              ________
 F1             0.000


           PSI
              F1
              ________
 F1             0.050


     STARTING VALUES FOR LATENT CLASS 3


           NU
              Y1            Y2            Y3            Y4
              ________      ________      ________      ________
 1              0.000         0.000         0.000         0.000


           LAMBDA
              F1
              ________
 Y1             1.000
 Y2             1.000
 Y3             1.000
 Y4             1.000


           THETA
              Y1            Y2            Y3            Y4
              ________      ________      ________      ________
 Y1            10.281
 Y2             0.000         6.652
 Y3             0.000         0.000         6.622
 Y4             0.000         0.000         0.000         6.674


           ALPHA
              F1
              ________
 1              0.000


           BETA
              F1
              ________
 F1             0.000


           PSI
              F1
              ________
 F1             0.050


     STARTING VALUES FOR LATENT CLASS 4


           NU
              Y1            Y2            Y3            Y4
              ________      ________      ________      ________
 1              0.000         0.000         0.000         0.000


           LAMBDA
              F1
              ________
 Y1             1.000
 Y2             1.000
 Y3             1.000
 Y4             1.000


           THETA
              Y1            Y2            Y3            Y4
              ________      ________      ________      ________
 Y1            10.281
 Y2             0.000         6.652
 Y3             0.000         0.000         6.622
 Y4             0.000         0.000         0.000         6.674


           ALPHA
              F1
              ________
 1              0.000


           BETA
              F1
              ________
 F1             0.000


           PSI
              F1
              ________
 F1             0.050


     STARTING VALUES FOR LATENT CLASS REGRESSION MODEL PART


           ALPHA(C)
              C#1           C#2           C#3           C#4
              ________      ________      ________      ________
 1              0.000         0.000         0.000         0.000


TECHNICAL 4 OUTPUT


     ESTIMATES DERIVED FROM THE MODEL FOR CLASS 1


           ESTIMATED MEANS FOR THE LATENT VARIABLES
              F1
              ________
 1             -4.115


           ESTIMATED COVARIANCE MATRIX FOR THE LATENT VARIABLES
              F1
              ________
 F1             1.072


           ESTIMATED CORRELATION MATRIX FOR THE LATENT VARIABLES
              F1
              ________
 F1             1.000


     ESTIMATES DERIVED FROM THE MODEL FOR CLASS 2


           ESTIMATED MEANS FOR THE LATENT VARIABLES
              F1
              ________
 1              3.910


           ESTIMATED COVARIANCE MATRIX FOR THE LATENT VARIABLES
              F1
              ________
 F1             0.262


           ESTIMATED CORRELATION MATRIX FOR THE LATENT VARIABLES
              F1
              ________
 F1             1.000


     ESTIMATES DERIVED FROM THE MODEL FOR CLASS 3


           ESTIMATED MEANS FOR THE LATENT VARIABLES
              F1
              ________
 1              7.901


           ESTIMATED COVARIANCE MATRIX FOR THE LATENT VARIABLES
              F1
              ________
 F1             0.489


           ESTIMATED CORRELATION MATRIX FOR THE LATENT VARIABLES
              F1
              ________
 F1             1.000


     ESTIMATES DERIVED FROM THE MODEL FOR CLASS 4


           ESTIMATED MEANS FOR THE LATENT VARIABLES
              F1
              ________
 1              0.000


           ESTIMATED COVARIANCE MATRIX FOR THE LATENT VARIABLES
              F1
              ________
 F1             1.304


           ESTIMATED CORRELATION MATRIX FOR THE LATENT VARIABLES
              F1
              ________
 F1             1.000


RESULTS SAVING INFORMATION

  Order of data

    Parameter estimates
     (saved in order shown in Technical 1 output)
    Standard errors
     (saved in order shown in Technical 1 output)
    H0 Loglikelihood
    H0 Scaling Correction Factor for MLR
    Number of Free Parameters
    Akaike (AIC)
    Bayesian (BIC)
    Sample-Size Adjusted BIC
    Entropy

  Save file
    fmm_dat5.par

  Save file format           Free


SAVEDATA INFORMATION

  Order and format of variables

    Y1             F10.3
    Y2             F10.3
    Y3             F10.3
    Y4             F10.3
    TC             I2
    CPROB1         F10.3
    CPROB2         F10.3
    CPROB3         F10.3
    CPROB4         F10.3
    C              F10.3

  Save file
    fmm_dat5.pro

  Save file format
    4F10.3 I2 5F10.3

  Save file record length    5000


     Beginning Time:  11:31:29
        Ending Time:  11:34:33
       Elapsed Time:  00:03:04



MUTHEN & MUTHEN
3463 Stoner Ave.
Los Angeles, CA  90066

Tel: (310) 391-9971
Fax: (310) 391-8971
Web: www.StatModel.com
Support: Support@StatModel.com

Copyright (c) 1998-2009 Muthen & Muthen
