Mplus VERSION 5.21
MUTHEN & MUTHEN
08/21/2009  11:31 AM

INPUT INSTRUCTIONS

  TITLE:                 Four class FMM

  DATA:                  FILE IS fmm_3.dat;

  VARIABLE:
                          NAMES ARE tc y1-y4;
                          USEVARIABLES ARE y1-y4;
                          IDVAR IS tc;

                          CLASSES = c(4);

  ANALYSIS:         TYPE = MIXTURE;
                          ITERATIONS = 500;
                          STARTS = 200 100;
                          STITERATIONS = 5;
                          STSCALE = 5;
                          STSEED = 198;

  MODEL:
  %OVERALL%
  ! factor loadings
  F1 by y1-y4;
  ! factor mean
  [f1];
  ! factor variance
  f1;

  %c#1%
  ! factor loadings (class invariant)
  F1 by y1@1
            y2 (1)
            y3 (2)
            y4 (3);
  ! factor mean
  [f1];
  ! factor variance
  f1;
  ! indicator means (fixed at zero)
  [y1-y4@0];
  ! residual variances (class specific)
  y1-y4;

  %c#2%
  ! factor loadings (class invariant)
  F1 by y1@1
            y2 (1)
            y3 (2)
            y4 (3);
  ! factor mean
  [f1];
  ! factor variance
  f1;
  ! indicator means (fixed at zero)
  [y1-y4@0];
  ! residual variances (class specific)
  y1-y4;

  %c#3%
  ! factor loadings (class invariant)
  F1 by y1@1
            y2 (1)
            y3 (2)
            y4 (3);
  ! factor mean
  [f1];
  ! factor variance
  f1;
  ! indicator means (fixed at zero)
  [y1-y4@0];
  ! residual variances (class variant)
  y1-y4;

  %c#4%
  ! factor loadings (class invariant)
  F1 by y1@1
            y2 (1)
            y3 (2)
            y4 (3);
  ! factor mean - reference class, fix at zero for identification
  [f1@0];
  ! factor variance
  f1;
  ! indicator means (fixed at zero)
  [y1-y4@0];
  ! residual variances (class specific)
  y1-y4;





  SAVEDATA:       Results are fmm_dat3.par;
                                  FILE IS fmm_dat3.pro;
                                  SAVE IS CPROBABILITIES;

  OUTPUT: tech1 tech4;





INPUT READING TERMINATED NORMALLY



Four class FMM

SUMMARY OF ANALYSIS

Number of groups                                                 1
Number of observations                                         942

Number of dependent variables                                    4
Number of independent variables                                  0
Number of continuous latent variables                            1
Number of categorical latent variables                           1

Observed dependent variables

  Continuous
   Y1          Y2          Y3          Y4

Continuous latent variables
   F1

Categorical latent variables
   C

Variables with special functions

  ID variable           TC

Estimator                                                      MLR
Information matrix                                        OBSERVED
Optimization Specifications for the Quasi-Newton Algorithm for
Continuous Outcomes
  Maximum number of iterations                                 500
  Convergence criterion                                  0.100D-05
Optimization Specifications for the EM Algorithm
  Maximum number of iterations                                 500
  Convergence criteria
    Loglikelihood change                                 0.100D-06
    Relative loglikelihood change                        0.100D-06
    Derivative                                           0.100D-05
Optimization Specifications for the M step of the EM Algorithm for
Categorical Latent variables
  Number of M step iterations                                    1
  M step convergence criterion                           0.100D-05
  Basis for M step termination                           ITERATION
Optimization Specifications for the M step of the EM Algorithm for
Censored, Binary or Ordered Categorical (Ordinal), Unordered
Categorical (Nominal) and Count Outcomes
  Number of M step iterations                                    1
  M step convergence criterion                           0.100D-05
  Basis for M step termination                           ITERATION
  Maximum value for logit thresholds                            15
  Minimum value for logit thresholds                           -15
  Minimum expected cell size for chi-square              0.100D-01
Optimization algorithm                                         EMA
Random Starts Specifications
  Number of initial stage random starts                        200
  Number of final stage optimizations                          100
  Number of initial stage iterations                             5
  Initial stage convergence criterion                    0.100D+01
  Random starts scale                                    0.500D+01
  Random seed for generating random starts                     198

Input data file(s)
  fmm_3.dat
Input data format  FREE


RANDOM STARTS RESULTS RANKED FROM THE BEST TO THE WORST LOGLIKELIHOOD VALUES

20 perturbed starting value run(s) did not converge in the initial stage
optimizations.

Final stage loglikelihood values at local maxima, seeds, and initial stage start numbers:

           -5174.449  239099           12
           -5174.449  588566           160
           -5174.449  5623             173
           -5174.449  402468           136
           -5174.449  66694            167
           -5174.449  863112           37
           -5174.449  282947           199
           -5174.449  418997           9
           -5174.449  239858           120
           -5174.449  395355           198
           -5174.449  892800           135
           -5174.449  106097           86
           -5174.449  121952           188
           -5174.449  841652           170
           -5174.449  697027           108
           -5174.449  289640           191
           -5174.449  349398           127
           -5174.449  647908           79
           -5174.449  763865           81
           -5174.449  441479           96
           -5174.449  7104             148
           -5174.449  877216           47
           -5174.449  264711           114
           -5174.449  706552           165
           -5174.449  784692           151
           -5174.449  328621           42
           -5332.014  726833           117
           -5333.635  788450           145
           -5339.339  626011           161
           -5339.339  366649           194
           -5342.892  717278           121
           -5347.032  267755           158
           -5347.032  960604           106
           -5347.032  198203           29
           -5356.766  988299           189
           -5356.766  858802           66
           -5356.766  960279           28
           -5356.766  678422           129
           -5356.947  443024           128
           -5359.901  66612            176
           -5360.904  691341           3
           -5362.818  480302           19
           -5366.579  423636           83
           -5366.579  264708           181
           -5366.579  505082           15
           -5366.579  370472           110
           -5366.579  865939           41
           -5368.234  470203           22
           -5372.580  32111            92
           -5373.399  913605           62
           -5374.866  537137           179
           -5374.866  988251           84
           -5374.866  268921           7
           -5374.866  875831           32
           -5374.866  372807           53
           -5375.380  562919           183
           -5375.380  391382           104
           -5375.380  739843           26
           -5375.380  98432            54
           -5377.189  290973           49
           -5433.272  177324           107
           -5434.490  87008            102
           -5434.581  392957           144
           -5434.581  340352           125
           -5434.581  283986           93
           -5434.741  940195           72
           -5436.032  277982           200
           -5436.032  933488           35
           -5436.032  926776           103
           -5436.032  464210           130
           -5437.106  536421           33
           -5437.106  758646           166
           -5437.106  121797           77
           -5437.218  696929           150
           -5444.893  346446           45
           -5489.812  282521           152
           -5497.851  856051           168
           -5506.478  530223           139
           -5523.436  85855            95
           -5523.436  995329           154
           -5543.006  116204           111

19 perturbed starting value run(s) did not converge.



     WARNING:  WHEN ESTIMATING A MODEL WITH MORE THAN TWO CLASSES, IT MAY BE
     NECESSARY TO INCREASE THE NUMBER OF RANDOM STARTS USING THE STARTS OPTION
     TO AVOID LOCAL MAXIMA.


THE MODEL ESTIMATION TERMINATED NORMALLY



TESTS OF MODEL FIT

Loglikelihood

          H0 Value                       -5174.449
          H0 Scaling Correction Factor       0.961
            for MLR

Information Criteria

          Number of Free Parameters             29
          Akaike (AIC)                   10406.899
          Bayesian (BIC)                 10547.491
          Sample-Size Adjusted BIC       10455.389
            (n* = (n + 2) / 24)



FINAL CLASS COUNTS AND PROPORTIONS FOR THE LATENT CLASSES
BASED ON THE ESTIMATED MODEL

    Latent
   Classes

       1        308.89300          0.32791
       2        162.05856          0.17204
       3        303.53710          0.32223
       4        167.51133          0.17783


FINAL CLASS COUNTS AND PROPORTIONS FOR THE LATENT CLASS PATTERNS
BASED ON ESTIMATED POSTERIOR PROBABILITIES

    Latent
   Classes

       1        308.89300          0.32791
       2        162.05856          0.17204
       3        303.53710          0.32223
       4        167.51133          0.17783


CLASSIFICATION QUALITY

     Entropy                         0.965


CLASSIFICATION OF INDIVIDUALS BASED ON THEIR MOST LIKELY LATENT CLASS MEMBERSHIP

Class Counts and Proportions

    Latent
   Classes

       1              310          0.32909
       2              162          0.17197
       3              304          0.32272
       4              166          0.17622


Average Latent Class Probabilities for Most Likely Latent Class Membership (Row)
by Latent Class (Column)

           1        2        3        4

    1   0.991    0.001    0.000    0.008
    2   0.001    0.999    0.000    0.000
    3   0.000    0.000    0.980    0.020
    4   0.009    0.000    0.034    0.958


MODEL RESULTS

                                                    Two-Tailed
                    Estimate       S.E.  Est./S.E.    P-Value

Latent Class 1

 F1       BY
    Y1                 1.000      0.000    999.000    999.000
    Y2                 0.798      0.005    165.776      0.000
    Y3                 0.799      0.005    162.837      0.000
    Y4                 0.801      0.005    164.793      0.000

 Means
    F1                 3.995      0.037    107.446      0.000

 Intercepts
    Y1                 0.000      0.000    999.000    999.000
    Y2                 0.000      0.000    999.000    999.000
    Y3                 0.000      0.000    999.000    999.000
    Y4                 0.000      0.000    999.000    999.000

 Variances
    F1                 0.242      0.032      7.523      0.000

 Residual Variances
    Y1                 0.293      0.031      9.455      0.000
    Y2                 0.264      0.025     10.463      0.000
    Y3                 0.303      0.028     10.704      0.000
    Y4                 0.346      0.032     10.910      0.000

Latent Class 2

 F1       BY
    Y1                 1.000      0.000    999.000    999.000
    Y2                 0.798      0.005    165.776      0.000
    Y3                 0.799      0.005    162.837      0.000
    Y4                 0.801      0.005    164.793      0.000

 Means
    F1                 8.003      0.065    123.577      0.000

 Intercepts
    Y1                 0.000      0.000    999.000    999.000
    Y2                 0.000      0.000    999.000    999.000
    Y3                 0.000      0.000    999.000    999.000
    Y4                 0.000      0.000    999.000    999.000

 Variances
    F1                 0.486      0.070      6.965      0.000

 Residual Variances
    Y1                 0.277      0.045      6.169      0.000
    Y2                 0.295      0.048      6.192      0.000
    Y3                 0.324      0.038      8.437      0.000
    Y4                 0.284      0.036      7.925      0.000

Latent Class 3

 F1       BY
    Y1                 1.000      0.000    999.000    999.000
    Y2                 0.798      0.005    165.776      0.000
    Y3                 0.799      0.005    162.837      0.000
    Y4                 0.801      0.005    164.793      0.000

 Means
    F1                -4.033      0.065    -61.956      0.000

 Intercepts
    Y1                 0.000      0.000    999.000    999.000
    Y2                 0.000      0.000    999.000    999.000
    Y3                 0.000      0.000    999.000    999.000
    Y4                 0.000      0.000    999.000    999.000

 Variances
    F1                 0.896      0.094      9.536      0.000

 Residual Variances
    Y1                 0.327      0.036      9.060      0.000
    Y2                 0.281      0.029      9.677      0.000
    Y3                 0.244      0.023     10.596      0.000
    Y4                 0.341      0.033     10.411      0.000

Latent Class 4

 F1       BY
    Y1                 1.000      0.000    999.000    999.000
    Y2                 0.798      0.005    165.776      0.000
    Y3                 0.799      0.005    162.837      0.000
    Y4                 0.801      0.005    164.793      0.000

 Means
    F1                 0.000      0.000    999.000    999.000

 Intercepts
    Y1                 0.000      0.000    999.000    999.000
    Y2                 0.000      0.000    999.000    999.000
    Y3                 0.000      0.000    999.000    999.000
    Y4                 0.000      0.000    999.000    999.000

 Variances
    F1                 1.203      0.248      4.858      0.000

 Residual Variances
    Y1                 0.325      0.061      5.313      0.000
    Y2                 0.332      0.049      6.795      0.000
    Y3                 0.283      0.036      7.849      0.000
    Y4                 0.283      0.041      6.980      0.000

Categorical Latent Variables

 Means
    C#1                0.612      0.107      5.739      0.000
    C#2               -0.033      0.117     -0.283      0.777
    C#3                0.594      0.111      5.363      0.000


QUALITY OF NUMERICAL RESULTS

     Condition Number for the Information Matrix              0.178E-03
       (ratio of smallest to largest eigenvalue)


TECHNICAL 1 OUTPUT


     PARAMETER SPECIFICATION FOR LATENT CLASS 1


           NU
              Y1            Y2            Y3            Y4
              ________      ________      ________      ________
 1                  0             0             0             0


           LAMBDA
              F1
              ________
 Y1                 0
 Y2                 1
 Y3                 2
 Y4                 3


           THETA
              Y1            Y2            Y3            Y4
              ________      ________      ________      ________
 Y1                 4
 Y2                 0             5
 Y3                 0             0             6
 Y4                 0             0             0             7


           ALPHA
              F1
              ________
 1                  8


           BETA
              F1
              ________
 F1                 0


           PSI
              F1
              ________
 F1                 9


     PARAMETER SPECIFICATION FOR LATENT CLASS 2


           NU
              Y1            Y2            Y3            Y4
              ________      ________      ________      ________
 1                  0             0             0             0


           LAMBDA
              F1
              ________
 Y1                 0
 Y2                 1
 Y3                 2
 Y4                 3


           THETA
              Y1            Y2            Y3            Y4
              ________      ________      ________      ________
 Y1                10
 Y2                 0            11
 Y3                 0             0            12
 Y4                 0             0             0            13


           ALPHA
              F1
              ________
 1                 14


           BETA
              F1
              ________
 F1                 0


           PSI
              F1
              ________
 F1                15


     PARAMETER SPECIFICATION FOR LATENT CLASS 3


           NU
              Y1            Y2            Y3            Y4
              ________      ________      ________      ________
 1                  0             0             0             0


           LAMBDA
              F1
              ________
 Y1                 0
 Y2                 1
 Y3                 2
 Y4                 3


           THETA
              Y1            Y2            Y3            Y4
              ________      ________      ________      ________
 Y1                16
 Y2                 0            17
 Y3                 0             0            18
 Y4                 0             0             0            19


           ALPHA
              F1
              ________
 1                 20


           BETA
              F1
              ________
 F1                 0


           PSI
              F1
              ________
 F1                21


     PARAMETER SPECIFICATION FOR LATENT CLASS 4


           NU
              Y1            Y2            Y3            Y4
              ________      ________      ________      ________
 1                  0             0             0             0


           LAMBDA
              F1
              ________
 Y1                 0
 Y2                 1
 Y3                 2
 Y4                 3


           THETA
              Y1            Y2            Y3            Y4
              ________      ________      ________      ________
 Y1                22
 Y2                 0            23
 Y3                 0             0            24
 Y4                 0             0             0            25


           ALPHA
              F1
              ________
 1                  0


           BETA
              F1
              ________
 F1                 0


           PSI
              F1
              ________
 F1                26


     PARAMETER SPECIFICATION FOR LATENT CLASS REGRESSION MODEL PART


           ALPHA(C)
              C#1           C#2           C#3           C#4
              ________      ________      ________      ________
 1                 27            28            29             0


     STARTING VALUES FOR LATENT CLASS 1


           NU
              Y1            Y2            Y3            Y4
              ________      ________      ________      ________
 1              0.000         0.000         0.000         0.000


           LAMBDA
              F1
              ________
 Y1             1.000
 Y2             1.000
 Y3             1.000
 Y4             1.000


           THETA
              Y1            Y2            Y3            Y4
              ________      ________      ________      ________
 Y1            10.269
 Y2             0.000         6.606
 Y3             0.000         0.000         6.611
 Y4             0.000         0.000         0.000         6.636


           ALPHA
              F1
              ________
 1              0.000


           BETA
              F1
              ________
 F1             0.000


           PSI
              F1
              ________
 F1             0.050


     STARTING VALUES FOR LATENT CLASS 2


           NU
              Y1            Y2            Y3            Y4
              ________      ________      ________      ________
 1              0.000         0.000         0.000         0.000


           LAMBDA
              F1
              ________
 Y1             1.000
 Y2             1.000
 Y3             1.000
 Y4             1.000


           THETA
              Y1            Y2            Y3            Y4
              ________      ________      ________      ________
 Y1            10.269
 Y2             0.000         6.606
 Y3             0.000         0.000         6.611
 Y4             0.000         0.000         0.000         6.636


           ALPHA
              F1
              ________
 1              0.000


           BETA
              F1
              ________
 F1             0.000


           PSI
              F1
              ________
 F1             0.050


     STARTING VALUES FOR LATENT CLASS 3


           NU
              Y1            Y2            Y3            Y4
              ________      ________      ________      ________
 1              0.000         0.000         0.000         0.000


           LAMBDA
              F1
              ________
 Y1             1.000
 Y2             1.000
 Y3             1.000
 Y4             1.000


           THETA
              Y1            Y2            Y3            Y4
              ________      ________      ________      ________
 Y1            10.269
 Y2             0.000         6.606
 Y3             0.000         0.000         6.611
 Y4             0.000         0.000         0.000         6.636


           ALPHA
              F1
              ________
 1              0.000


           BETA
              F1
              ________
 F1             0.000


           PSI
              F1
              ________
 F1             0.050


     STARTING VALUES FOR LATENT CLASS 4


           NU
              Y1            Y2            Y3            Y4
              ________      ________      ________      ________
 1              0.000         0.000         0.000         0.000


           LAMBDA
              F1
              ________
 Y1             1.000
 Y2             1.000
 Y3             1.000
 Y4             1.000


           THETA
              Y1            Y2            Y3            Y4
              ________      ________      ________      ________
 Y1            10.269
 Y2             0.000         6.606
 Y3             0.000         0.000         6.611
 Y4             0.000         0.000         0.000         6.636


           ALPHA
              F1
              ________
 1              0.000


           BETA
              F1
              ________
 F1             0.000


           PSI
              F1
              ________
 F1             0.050


     STARTING VALUES FOR LATENT CLASS REGRESSION MODEL PART


           ALPHA(C)
              C#1           C#2           C#3           C#4
              ________      ________      ________      ________
 1              0.000         0.000         0.000         0.000


TECHNICAL 4 OUTPUT


     ESTIMATES DERIVED FROM THE MODEL FOR CLASS 1


           ESTIMATED MEANS FOR THE LATENT VARIABLES
              F1
              ________
 1              3.995


           ESTIMATED COVARIANCE MATRIX FOR THE LATENT VARIABLES
              F1
              ________
 F1             0.242


           ESTIMATED CORRELATION MATRIX FOR THE LATENT VARIABLES
              F1
              ________
 F1             1.000


     ESTIMATES DERIVED FROM THE MODEL FOR CLASS 2


           ESTIMATED MEANS FOR THE LATENT VARIABLES
              F1
              ________
 1              8.003


           ESTIMATED COVARIANCE MATRIX FOR THE LATENT VARIABLES
              F1
              ________
 F1             0.486


           ESTIMATED CORRELATION MATRIX FOR THE LATENT VARIABLES
              F1
              ________
 F1             1.000


     ESTIMATES DERIVED FROM THE MODEL FOR CLASS 3


           ESTIMATED MEANS FOR THE LATENT VARIABLES
              F1
              ________
 1             -4.033


           ESTIMATED COVARIANCE MATRIX FOR THE LATENT VARIABLES
              F1
              ________
 F1             0.896


           ESTIMATED CORRELATION MATRIX FOR THE LATENT VARIABLES
              F1
              ________
 F1             1.000


     ESTIMATES DERIVED FROM THE MODEL FOR CLASS 4


           ESTIMATED MEANS FOR THE LATENT VARIABLES
              F1
              ________
 1              0.000


           ESTIMATED COVARIANCE MATRIX FOR THE LATENT VARIABLES
              F1
              ________
 F1             1.203


           ESTIMATED CORRELATION MATRIX FOR THE LATENT VARIABLES
              F1
              ________
 F1             1.000


RESULTS SAVING INFORMATION

  Order of data

    Parameter estimates
     (saved in order shown in Technical 1 output)
    Standard errors
     (saved in order shown in Technical 1 output)
    H0 Loglikelihood
    H0 Scaling Correction Factor for MLR
    Number of Free Parameters
    Akaike (AIC)
    Bayesian (BIC)
    Sample-Size Adjusted BIC
    Entropy

  Save file
    fmm_dat3.par

  Save file format           Free


SAVEDATA INFORMATION

  Order and format of variables

    Y1             F10.3
    Y2             F10.3
    Y3             F10.3
    Y4             F10.3
    TC             I2
    CPROB1         F10.3
    CPROB2         F10.3
    CPROB3         F10.3
    CPROB4         F10.3
    C              F10.3

  Save file
    fmm_dat3.pro

  Save file format
    4F10.3 I2 5F10.3

  Save file record length    5000


     Beginning Time:  11:31:29
        Ending Time:  11:34:12
       Elapsed Time:  00:02:43



MUTHEN & MUTHEN
3463 Stoner Ave.
Los Angeles, CA  90066

Tel: (310) 391-9971
Fax: (310) 391-8971
Web: www.StatModel.com
Support: Support@StatModel.com

Copyright (c) 1998-2009 Muthen & Muthen
