Mplus VERSION 5.21
MUTHEN & MUTHEN
08/21/2009  11:31 AM

INPUT INSTRUCTIONS


  TITLE:                 Four class FMM

  DATA:                  FILE IS fmm_4.dat;

  VARIABLE:
                          NAMES ARE tc y1-y4;
                          USEVARIABLES ARE y1-y4;
                          IDVAR IS tc;

                          CLASSES = c(4);

  ANALYSIS:         TYPE = MIXTURE;
                          ITERATIONS = 500;
                          STARTS = 200 100;
                          STITERATIONS = 5;
                          STSCALE = 5;
                          STSEED = 198;

  MODEL:
  %OVERALL%
  ! factor loadings
  F1 by y1-y4;
  ! factor mean
  [f1];
  ! factor variance
  f1;

  %c#1%
  ! factor loadings (class invariant)
  F1 by y1@1
            y2 (1)
            y3 (2)
            y4 (3);
  ! factor mean
  [f1];
  ! factor variance
  f1;
  ! indicator means (fixed at zero)
  [y1-y4@0];
  ! residual variances (class specific)
  y1-y4;

  %c#2%
  ! factor loadings (class invariant)
  F1 by y1@1
            y2 (1)
            y3 (2)
            y4 (3);
  ! factor mean
  [f1];
  ! factor variance
  f1;
  ! indicator means (fixed at zero)
  [y1-y4@0];
  ! residual variances (class specific)
  y1-y4;

  %c#3%
  ! factor loadings (class invariant)
  F1 by y1@1
            y2 (1)
            y3 (2)
            y4 (3);
  ! factor mean
  [f1];
  ! factor variance
  f1;
  ! indicator means (fixed at zero)
  [y1-y4@0];
  ! residual variances (class variant)
  y1-y4;

  %c#4%
  ! factor loadings (class invariant)
  F1 by y1@1
            y2 (1)
            y3 (2)
            y4 (3);
  ! factor mean - reference class, fix at zero for identification
  [f1@0];
  ! factor variance
  f1;
  ! indicator means (fixed at zero)
  [y1-y4@0];
  ! residual variances (class specific)
  y1-y4;





  SAVEDATA:       Results are fmm_dat4.par;
                                  FILE IS fmm_dat4.pro;
                                  SAVE IS CPROBABILITIES;

  OUTPUT: tech1 tech4;





INPUT READING TERMINATED NORMALLY



Four class FMM

SUMMARY OF ANALYSIS

Number of groups                                                 1
Number of observations                                         942

Number of dependent variables                                    4
Number of independent variables                                  0
Number of continuous latent variables                            1
Number of categorical latent variables                           1

Observed dependent variables

  Continuous
   Y1          Y2          Y3          Y4

Continuous latent variables
   F1

Categorical latent variables
   C

Variables with special functions

  ID variable           TC

Estimator                                                      MLR
Information matrix                                        OBSERVED
Optimization Specifications for the Quasi-Newton Algorithm for
Continuous Outcomes
  Maximum number of iterations                                 500
  Convergence criterion                                  0.100D-05
Optimization Specifications for the EM Algorithm
  Maximum number of iterations                                 500
  Convergence criteria
    Loglikelihood change                                 0.100D-06
    Relative loglikelihood change                        0.100D-06
    Derivative                                           0.100D-05
Optimization Specifications for the M step of the EM Algorithm for
Categorical Latent variables
  Number of M step iterations                                    1
  M step convergence criterion                           0.100D-05
  Basis for M step termination                           ITERATION
Optimization Specifications for the M step of the EM Algorithm for
Censored, Binary or Ordered Categorical (Ordinal), Unordered
Categorical (Nominal) and Count Outcomes
  Number of M step iterations                                    1
  M step convergence criterion                           0.100D-05
  Basis for M step termination                           ITERATION
  Maximum value for logit thresholds                            15
  Minimum value for logit thresholds                           -15
  Minimum expected cell size for chi-square              0.100D-01
Optimization algorithm                                         EMA
Random Starts Specifications
  Number of initial stage random starts                        200
  Number of final stage optimizations                          100
  Number of initial stage iterations                             5
  Initial stage convergence criterion                    0.100D+01
  Random starts scale                                    0.500D+01
  Random seed for generating random starts                     198

Input data file(s)
  fmm_4.dat
Input data format  FREE


RANDOM STARTS RESULTS RANKED FROM THE BEST TO THE WORST LOGLIKELIHOOD VALUES

19 perturbed starting value run(s) did not converge in the initial stage
optimizations.

Final stage loglikelihood values at local maxima, seeds, and initial stage start numbers:

           -5266.528  492143           175
           -5266.528  418997           9
           -5266.528  289640           191
           -5266.528  697027           108
           -5266.528  395355           198
           -5266.528  7104             148
           -5266.528  441479           96
           -5266.528  282947           199
           -5266.528  763865           81
           -5266.528  784692           151
           -5266.528  863112           37
           -5266.528  706552           165
           -5266.528  66694            167
           -5266.528  907715           90
           -5266.528  239858           120
           -5266.528  877216           47
           -5266.528  402468           136
           -5266.528  121952           188
           -5266.528  841652           170
           -5266.528  892800           135
           -5266.528  647908           79
           -5266.528  267755           158
           -5266.528  263453           48
           -5266.528  264711           114
           -5266.528  328621           42
           -5266.528  830087           100
           -5403.477  366649           194
           -5404.122  717278           121
           -5405.982  626011           161
           -5406.436  858802           66
           -5406.621  32111            92
           -5409.424  562919           183
           -5410.204  588566           160
           -5412.081  470203           22
           -5412.448  821846           31
           -5412.448  239099           12
           -5412.448  198203           29
           -5412.935  290973           49
           -5415.415  964813           147
           -5415.982  865939           41
           -5416.005  423636           83
           -5416.005  370472           110
           -5416.005  505082           15
           -5416.005  678422           129
           -5416.005  264708           181
           -5416.042  66612            176
           -5416.042  443024           128
           -5416.042  988299           189
           -5416.042  913605           62
           -5416.042  960279           28
           -5417.138  739843           26
           -5418.309  268921           7
           -5418.309  875831           32
           -5418.309  372807           53
           -5419.668  480302           19
           -5419.668  349398           127
           -5422.232  899645           56
           -5422.232  745010           51
           -5422.232  537137           179
           -5422.232  988251           84
           -5466.840  926776           103
           -5467.415  283986           93
           -5467.415  177324           107
           -5467.675  392957           144
           -5467.675  464210           130
           -5467.675  933488           35
           -5467.675  116204           111
           -5467.675  940195           72
           -5467.675  87008            102
           -5467.780  696929           150
           -5468.351  121797           77
           -5469.347  277982           200
           -5470.403  536421           33
           -5474.173  932113           153
           -5525.889  282521           152
           -5530.707  856051           168
           -5532.878  419220           2
           -5536.609  522942           59
           -5548.668  960604           106
           -5558.871  995329           154

20 perturbed starting value run(s) did not converge.



     WARNING:  WHEN ESTIMATING A MODEL WITH MORE THAN TWO CLASSES, IT MAY BE
     NECESSARY TO INCREASE THE NUMBER OF RANDOM STARTS USING THE STARTS OPTION
     TO AVOID LOCAL MAXIMA.


THE MODEL ESTIMATION TERMINATED NORMALLY



TESTS OF MODEL FIT

Loglikelihood

          H0 Value                       -5266.528
          H0 Scaling Correction Factor       1.010
            for MLR

Information Criteria

          Number of Free Parameters             29
          Akaike (AIC)                   10591.057
          Bayesian (BIC)                 10731.649
          Sample-Size Adjusted BIC       10639.547
            (n* = (n + 2) / 24)



FINAL CLASS COUNTS AND PROPORTIONS FOR THE LATENT CLASSES
BASED ON THE ESTIMATED MODEL

    Latent
   Classes

       1        290.84927          0.30876
       2        261.86868          0.27799
       3        170.63342          0.18114
       4        218.64863          0.23211


FINAL CLASS COUNTS AND PROPORTIONS FOR THE LATENT CLASS PATTERNS
BASED ON ESTIMATED POSTERIOR PROBABILITIES

    Latent
   Classes

       1        290.84926          0.30876
       2        261.86868          0.27799
       3        170.63342          0.18114
       4        218.64863          0.23211


CLASSIFICATION QUALITY

     Entropy                         0.860


CLASSIFICATION OF INDIVIDUALS BASED ON THEIR MOST LIKELY LATENT CLASS MEMBERSHIP

Class Counts and Proportions

    Latent
   Classes

       1              309          0.32803
       2              275          0.29193
       3              171          0.18153
       4              187          0.19851


Average Latent Class Probabilities for Most Likely Latent Class Membership (Row)
by Latent Class (Column)

           1        2        3        4

    1   0.904    0.000    0.000    0.096
    2   0.000    0.936    0.002    0.061
    3   0.000    0.002    0.994    0.003
    4   0.062    0.021    0.000    0.917


MODEL RESULTS

                                                    Two-Tailed
                    Estimate       S.E.  Est./S.E.    P-Value

Latent Class 1

 F1       BY
    Y1                 1.000      0.000    999.000    999.000
    Y2                 0.796      0.005    171.060      0.000
    Y3                 0.799      0.005    169.392      0.000
    Y4                 0.798      0.005    160.405      0.000

 Means
    F1                -3.946      0.076    -52.111      0.000

 Intercepts
    Y1                 0.000      0.000    999.000    999.000
    Y2                 0.000      0.000    999.000    999.000
    Y3                 0.000      0.000    999.000    999.000
    Y4                 0.000      0.000    999.000    999.000

 Variances
    F1                 0.980      0.113      8.710      0.000

 Residual Variances
    Y1                 0.321      0.043      7.437      0.000
    Y2                 0.302      0.033      9.270      0.000
    Y3                 0.301      0.034      8.938      0.000
    Y4                 0.238      0.027      8.667      0.000

Latent Class 2

 F1       BY
    Y1                 1.000      0.000    999.000    999.000
    Y2                 0.796      0.005    171.060      0.000
    Y3                 0.799      0.005    169.392      0.000
    Y4                 0.798      0.005    160.405      0.000

 Means
    F1                 4.120      0.049     83.468      0.000

 Intercepts
    Y1                 0.000      0.000    999.000    999.000
    Y2                 0.000      0.000    999.000    999.000
    Y3                 0.000      0.000    999.000    999.000
    Y4                 0.000      0.000    999.000    999.000

 Variances
    F1                 0.242      0.057      4.272      0.000

 Residual Variances
    Y1                 0.287      0.040      7.192      0.000
    Y2                 0.248      0.029      8.423      0.000
    Y3                 0.317      0.032      9.926      0.000
    Y4                 0.331      0.030     11.068      0.000

Latent Class 3

 F1       BY
    Y1                 1.000      0.000    999.000    999.000
    Y2                 0.796      0.005    171.060      0.000
    Y3                 0.799      0.005    169.392      0.000
    Y4                 0.798      0.005    160.405      0.000

 Means
    F1                 8.168      0.079    103.849      0.000

 Intercepts
    Y1                 0.000      0.000    999.000    999.000
    Y2                 0.000      0.000    999.000    999.000
    Y3                 0.000      0.000    999.000    999.000
    Y4                 0.000      0.000    999.000    999.000

 Variances
    F1                 0.662      0.092      7.239      0.000

 Residual Variances
    Y1                 0.283      0.053      5.294      0.000
    Y2                 0.313      0.048      6.576      0.000
    Y3                 0.260      0.032      8.002      0.000
    Y4                 0.357      0.046      7.755      0.000

Latent Class 4

 F1       BY
    Y1                 1.000      0.000    999.000    999.000
    Y2                 0.796      0.005    171.060      0.000
    Y3                 0.799      0.005    169.392      0.000
    Y4                 0.798      0.005    160.405      0.000

 Means
    F1                 0.000      0.000    999.000    999.000

 Intercepts
    Y1                 0.000      0.000    999.000    999.000
    Y2                 0.000      0.000    999.000    999.000
    Y3                 0.000      0.000    999.000    999.000
    Y4                 0.000      0.000    999.000    999.000

 Variances
    F1                 4.068      3.107      1.309      0.190

 Residual Variances
    Y1                 0.325      0.055      5.915      0.000
    Y2                 0.293      0.043      6.853      0.000
    Y3                 0.315      0.045      6.927      0.000
    Y4                 0.393      0.055      7.118      0.000

Categorical Latent Variables

 Means
    C#1                0.285      0.371      0.770      0.441
    C#2                0.180      0.355      0.508      0.612
    C#3               -0.248      0.285     -0.870      0.384


QUALITY OF NUMERICAL RESULTS

     Condition Number for the Information Matrix              0.871E-05
       (ratio of smallest to largest eigenvalue)


TECHNICAL 1 OUTPUT


     PARAMETER SPECIFICATION FOR LATENT CLASS 1


           NU
              Y1            Y2            Y3            Y4
              ________      ________      ________      ________
 1                  0             0             0             0


           LAMBDA
              F1
              ________
 Y1                 0
 Y2                 1
 Y3                 2
 Y4                 3


           THETA
              Y1            Y2            Y3            Y4
              ________      ________      ________      ________
 Y1                 4
 Y2                 0             5
 Y3                 0             0             6
 Y4                 0             0             0             7


           ALPHA
              F1
              ________
 1                  8


           BETA
              F1
              ________
 F1                 0


           PSI
              F1
              ________
 F1                 9


     PARAMETER SPECIFICATION FOR LATENT CLASS 2


           NU
              Y1            Y2            Y3            Y4
              ________      ________      ________      ________
 1                  0             0             0             0


           LAMBDA
              F1
              ________
 Y1                 0
 Y2                 1
 Y3                 2
 Y4                 3


           THETA
              Y1            Y2            Y3            Y4
              ________      ________      ________      ________
 Y1                10
 Y2                 0            11
 Y3                 0             0            12
 Y4                 0             0             0            13


           ALPHA
              F1
              ________
 1                 14


           BETA
              F1
              ________
 F1                 0


           PSI
              F1
              ________
 F1                15


     PARAMETER SPECIFICATION FOR LATENT CLASS 3


           NU
              Y1            Y2            Y3            Y4
              ________      ________      ________      ________
 1                  0             0             0             0


           LAMBDA
              F1
              ________
 Y1                 0
 Y2                 1
 Y3                 2
 Y4                 3


           THETA
              Y1            Y2            Y3            Y4
              ________      ________      ________      ________
 Y1                16
 Y2                 0            17
 Y3                 0             0            18
 Y4                 0             0             0            19


           ALPHA
              F1
              ________
 1                 20


           BETA
              F1
              ________
 F1                 0


           PSI
              F1
              ________
 F1                21


     PARAMETER SPECIFICATION FOR LATENT CLASS 4


           NU
              Y1            Y2            Y3            Y4
              ________      ________      ________      ________
 1                  0             0             0             0


           LAMBDA
              F1
              ________
 Y1                 0
 Y2                 1
 Y3                 2
 Y4                 3


           THETA
              Y1            Y2            Y3            Y4
              ________      ________      ________      ________
 Y1                22
 Y2                 0            23
 Y3                 0             0            24
 Y4                 0             0             0            25


           ALPHA
              F1
              ________
 1                  0


           BETA
              F1
              ________
 F1                 0


           PSI
              F1
              ________
 F1                26


     PARAMETER SPECIFICATION FOR LATENT CLASS REGRESSION MODEL PART


           ALPHA(C)
              C#1           C#2           C#3           C#4
              ________      ________      ________      ________
 1                 27            28            29             0


     STARTING VALUES FOR LATENT CLASS 1


           NU
              Y1            Y2            Y3            Y4
              ________      ________      ________      ________
 1              0.000         0.000         0.000         0.000


           LAMBDA
              F1
              ________
 Y1             1.000
 Y2             1.000
 Y3             1.000
 Y4             1.000


           THETA
              Y1            Y2            Y3            Y4
              ________      ________      ________      ________
 Y1            10.645
 Y2             0.000         6.822
 Y3             0.000         0.000         6.850
 Y4             0.000         0.000         0.000         6.868


           ALPHA
              F1
              ________
 1              0.000


           BETA
              F1
              ________
 F1             0.000


           PSI
              F1
              ________
 F1             0.050


     STARTING VALUES FOR LATENT CLASS 2


           NU
              Y1            Y2            Y3            Y4
              ________      ________      ________      ________
 1              0.000         0.000         0.000         0.000


           LAMBDA
              F1
              ________
 Y1             1.000
 Y2             1.000
 Y3             1.000
 Y4             1.000


           THETA
              Y1            Y2            Y3            Y4
              ________      ________      ________      ________
 Y1            10.645
 Y2             0.000         6.822
 Y3             0.000         0.000         6.850
 Y4             0.000         0.000         0.000         6.868


           ALPHA
              F1
              ________
 1              0.000


           BETA
              F1
              ________
 F1             0.000


           PSI
              F1
              ________
 F1             0.050


     STARTING VALUES FOR LATENT CLASS 3


           NU
              Y1            Y2            Y3            Y4
              ________      ________      ________      ________
 1              0.000         0.000         0.000         0.000


           LAMBDA
              F1
              ________
 Y1             1.000
 Y2             1.000
 Y3             1.000
 Y4             1.000


           THETA
              Y1            Y2            Y3            Y4
              ________      ________      ________      ________
 Y1            10.645
 Y2             0.000         6.822
 Y3             0.000         0.000         6.850
 Y4             0.000         0.000         0.000         6.868


           ALPHA
              F1
              ________
 1              0.000


           BETA
              F1
              ________
 F1             0.000


           PSI
              F1
              ________
 F1             0.050


     STARTING VALUES FOR LATENT CLASS 4


           NU
              Y1            Y2            Y3            Y4
              ________      ________      ________      ________
 1              0.000         0.000         0.000         0.000


           LAMBDA
              F1
              ________
 Y1             1.000
 Y2             1.000
 Y3             1.000
 Y4             1.000


           THETA
              Y1            Y2            Y3            Y4
              ________      ________      ________      ________
 Y1            10.645
 Y2             0.000         6.822
 Y3             0.000         0.000         6.850
 Y4             0.000         0.000         0.000         6.868


           ALPHA
              F1
              ________
 1              0.000


           BETA
              F1
              ________
 F1             0.000


           PSI
              F1
              ________
 F1             0.050


     STARTING VALUES FOR LATENT CLASS REGRESSION MODEL PART


           ALPHA(C)
              C#1           C#2           C#3           C#4
              ________      ________      ________      ________
 1              0.000         0.000         0.000         0.000


TECHNICAL 4 OUTPUT


     ESTIMATES DERIVED FROM THE MODEL FOR CLASS 1


           ESTIMATED MEANS FOR THE LATENT VARIABLES
              F1
              ________
 1             -3.946


           ESTIMATED COVARIANCE MATRIX FOR THE LATENT VARIABLES
              F1
              ________
 F1             0.980


           ESTIMATED CORRELATION MATRIX FOR THE LATENT VARIABLES
              F1
              ________
 F1             1.000


     ESTIMATES DERIVED FROM THE MODEL FOR CLASS 2


           ESTIMATED MEANS FOR THE LATENT VARIABLES
              F1
              ________
 1              4.120


           ESTIMATED COVARIANCE MATRIX FOR THE LATENT VARIABLES
              F1
              ________
 F1             0.242


           ESTIMATED CORRELATION MATRIX FOR THE LATENT VARIABLES
              F1
              ________
 F1             1.000


     ESTIMATES DERIVED FROM THE MODEL FOR CLASS 3


           ESTIMATED MEANS FOR THE LATENT VARIABLES
              F1
              ________
 1              8.168


           ESTIMATED COVARIANCE MATRIX FOR THE LATENT VARIABLES
              F1
              ________
 F1             0.662


           ESTIMATED CORRELATION MATRIX FOR THE LATENT VARIABLES
              F1
              ________
 F1             1.000


     ESTIMATES DERIVED FROM THE MODEL FOR CLASS 4


           ESTIMATED MEANS FOR THE LATENT VARIABLES
              F1
              ________
 1              0.000


           ESTIMATED COVARIANCE MATRIX FOR THE LATENT VARIABLES
              F1
              ________
 F1             4.068


           ESTIMATED CORRELATION MATRIX FOR THE LATENT VARIABLES
              F1
              ________
 F1             1.000


RESULTS SAVING INFORMATION

  Order of data

    Parameter estimates
     (saved in order shown in Technical 1 output)
    Standard errors
     (saved in order shown in Technical 1 output)
    H0 Loglikelihood
    H0 Scaling Correction Factor for MLR
    Number of Free Parameters
    Akaike (AIC)
    Bayesian (BIC)
    Sample-Size Adjusted BIC
    Entropy

  Save file
    fmm_dat4.par

  Save file format           Free


SAVEDATA INFORMATION

  Order and format of variables

    Y1             F10.3
    Y2             F10.3
    Y3             F10.3
    Y4             F10.3
    TC             I2
    CPROB1         F10.3
    CPROB2         F10.3
    CPROB3         F10.3
    CPROB4         F10.3
    C              F10.3

  Save file
    fmm_dat4.pro

  Save file format
    4F10.3 I2 5F10.3

  Save file record length    5000


     Beginning Time:  11:31:29
        Ending Time:  11:33:53
       Elapsed Time:  00:02:24



MUTHEN & MUTHEN
3463 Stoner Ave.
Los Angeles, CA  90066

Tel: (310) 391-9971
Fax: (310) 391-8971
Web: www.StatModel.com
Support: Support@StatModel.com

Copyright (c) 1998-2009 Muthen & Muthen
