Mplus VERSION 5.21
MUTHEN & MUTHEN
08/21/2009  11:31 AM

INPUT INSTRUCTIONS

  TITLE:                 Four class FMM

  DATA:                  FILE IS fmm_2.dat;

  VARIABLE:
                          NAMES ARE tc y1-y4;
                          USEVARIABLES ARE y1-y4;
                          IDVAR IS tc;

                          CLASSES = c(4);

  ANALYSIS:         TYPE = MIXTURE;
                          ITERATIONS = 500;
                          STARTS = 200 100;
                          STITERATIONS = 5;
                          STSCALE = 5;
                          STSEED = 198;

  MODEL:
  %OVERALL%
  ! factor loadings
  F1 by y1-y4;
  ! factor mean
  [f1];
  ! factor variance
  f1;

  %c#1%
  ! factor loadings (class invariant)
  F1 by y1@1
            y2 (1)
            y3 (2)
            y4 (3);
  ! factor mean
  [f1];
  ! factor variance
  f1;
  ! indicator means (fixed at zero)
  [y1-y4@0];
  ! residual variances (class specific)
  y1-y4;

  %c#2%
  ! factor loadings (class invariant)
  F1 by y1@1
            y2 (1)
            y3 (2)
            y4 (3);
  ! factor mean
  [f1];
  ! factor variance
  f1;
  ! indicator means (fixed at zero)
  [y1-y4@0];
  ! residual variances (class specific)
  y1-y4;

  %c#3%
  ! factor loadings (class invariant)
  F1 by y1@1
            y2 (1)
            y3 (2)
            y4 (3);
  ! factor mean
  [f1];
  ! factor variance
  f1;
  ! indicator means (fixed at zero)
  [y1-y4@0];
  ! residual variances (class variant)
  y1-y4;

  %c#4%
  ! factor loadings (class invariant)
  F1 by y1@1
            y2 (1)
            y3 (2)
            y4 (3);
  ! factor mean - reference class, fix at zero for identification
  [f1@0];
  ! factor variance
  f1;
  ! indicator means (fixed at zero)
  [y1-y4@0];
  ! residual variances (class specific)
  y1-y4;





  SAVEDATA:       Results are fmm_dat2.par;
                                  FILE IS fmm_dat2.pro;
                                  SAVE IS CPROBABILITIES;

  OUTPUT: tech1 tech4;





INPUT READING TERMINATED NORMALLY



Four class FMM

SUMMARY OF ANALYSIS

Number of groups                                                 1
Number of observations                                         942

Number of dependent variables                                    4
Number of independent variables                                  0
Number of continuous latent variables                            1
Number of categorical latent variables                           1

Observed dependent variables

  Continuous
   Y1          Y2          Y3          Y4

Continuous latent variables
   F1

Categorical latent variables
   C

Variables with special functions

  ID variable           TC

Estimator                                                      MLR
Information matrix                                        OBSERVED
Optimization Specifications for the Quasi-Newton Algorithm for
Continuous Outcomes
  Maximum number of iterations                                 500
  Convergence criterion                                  0.100D-05
Optimization Specifications for the EM Algorithm
  Maximum number of iterations                                 500
  Convergence criteria
    Loglikelihood change                                 0.100D-06
    Relative loglikelihood change                        0.100D-06
    Derivative                                           0.100D-05
Optimization Specifications for the M step of the EM Algorithm for
Categorical Latent variables
  Number of M step iterations                                    1
  M step convergence criterion                           0.100D-05
  Basis for M step termination                           ITERATION
Optimization Specifications for the M step of the EM Algorithm for
Censored, Binary or Ordered Categorical (Ordinal), Unordered
Categorical (Nominal) and Count Outcomes
  Number of M step iterations                                    1
  M step convergence criterion                           0.100D-05
  Basis for M step termination                           ITERATION
  Maximum value for logit thresholds                            15
  Minimum value for logit thresholds                           -15
  Minimum expected cell size for chi-square              0.100D-01
Optimization algorithm                                         EMA
Random Starts Specifications
  Number of initial stage random starts                        200
  Number of final stage optimizations                          100
  Number of initial stage iterations                             5
  Initial stage convergence criterion                    0.100D+01
  Random starts scale                                    0.500D+01
  Random seed for generating random starts                     198

Input data file(s)
  fmm_2.dat
Input data format  FREE


RANDOM STARTS RESULTS RANKED FROM THE BEST TO THE WORST LOGLIKELIHOOD VALUES

21 perturbed starting value run(s) did not converge in the initial stage
optimizations.

Final stage loglikelihood values at local maxima, seeds, and initial stage start numbers:

           -5143.823  121952           188
           -5143.823  892800           135
           -5143.823  492143           175
           -5143.823  784692           151
           -5143.823  239858           120
           -5143.823  418997           9
           -5143.823  328621           42
           -5143.823  289640           191
           -5143.823  706552           165
           -5143.823  395355           198
           -5143.823  267755           158
           -5143.823  841652           170
           -5143.823  239099           12
           -5143.823  877216           47
           -5143.823  441479           96
           -5143.823  7104             148
           -5143.823  66694            167
           -5143.823  647908           79
           -5143.823  402468           136
           -5143.823  763865           81
           -5143.823  697027           108
           -5143.823  349398           127
           -5143.823  893969           25
           -5143.823  282947           199
           -5143.823  863112           37
           -5143.823  5623             173
           -5143.823  793020           16
           -5345.557  98432            54
           -5345.557  691341           3
           -5345.557  355555           94
           -5345.874  562919           183
           -5345.874  290973           49
           -5345.949  480302           19
           -5345.949  443024           128
           -5346.550  865939           41
           -5348.449  32111            92
           -5350.860  717278           121
           -5351.630  366649           194
           -5352.043  626011           161
           -5354.099  726833           117
           -5359.298  960604           106
           -5359.298  198203           29
           -5359.921  391382           104
           -5359.921  66612            176
           -5359.921  739843           26
           -5359.921  913605           62
           -5359.921  264708           181
           -5359.921  505082           15
           -5359.921  370472           110
           -5359.921  423636           83
           -5359.921  678422           129
           -5359.921  960279           28
           -5360.005  988299           189
           -5361.304  372807           53
           -5362.796  988251           84
           -5362.796  537137           179
           -5362.796  72564            1
           -5362.796  875831           32
           -5385.632  177324           107
           -5392.763  340352           125
           -5395.120  536421           33
           -5395.749  696929           150
           -5395.854  926776           103
           -5395.854  116204           111
           -5395.854  464210           130
           -5395.854  933488           35
           -5395.854  87008            102
           -5395.854  392957           144
           -5395.854  940195           72
           -5395.854  277982           200
           -5395.854  283986           93
           -5403.015  346446           45
           -5403.015  932113           153
           -5403.015  836666           196
           -5500.998  24149            172
           -5506.454  856051           168
           -5508.128  530223           139
           -5539.255  995329           154
           -5539.255  85855            95
           -5541.697  995829           8

20 perturbed starting value run(s) did not converge.



     WARNING:  WHEN ESTIMATING A MODEL WITH MORE THAN TWO CLASSES, IT MAY BE
     NECESSARY TO INCREASE THE NUMBER OF RANDOM STARTS USING THE STARTS OPTION
     TO AVOID LOCAL MAXIMA.


THE MODEL ESTIMATION TERMINATED NORMALLY



TESTS OF MODEL FIT

Loglikelihood

          H0 Value                       -5143.823
          H0 Scaling Correction Factor       0.971
            for MLR

Information Criteria

          Number of Free Parameters             29
          Akaike (AIC)                   10345.645
          Bayesian (BIC)                 10486.238
          Sample-Size Adjusted BIC       10394.136
            (n* = (n + 2) / 24)



FINAL CLASS COUNTS AND PROPORTIONS FOR THE LATENT CLASSES
BASED ON THE ESTIMATED MODEL

    Latent
   Classes

       1        330.54393          0.35090
       2        286.50401          0.30414
       3        171.62969          0.18220
       4        153.32237          0.16276


FINAL CLASS COUNTS AND PROPORTIONS FOR THE LATENT CLASS PATTERNS
BASED ON ESTIMATED POSTERIOR PROBABILITIES

    Latent
   Classes

       1        330.54393          0.35090
       2        286.50401          0.30414
       3        171.62969          0.18220
       4        153.32237          0.16276


CLASSIFICATION QUALITY

     Entropy                         0.953


CLASSIFICATION OF INDIVIDUALS BASED ON THEIR MOST LIKELY LATENT CLASS MEMBERSHIP

Class Counts and Proportions

    Latent
   Classes

       1              332          0.35244
       2              290          0.30786
       3              171          0.18153
       4              149          0.15817


Average Latent Class Probabilities for Most Likely Latent Class Membership (Row)
by Latent Class (Column)

           1        2        3        4

    1   0.974    0.000    0.000    0.026
    2   0.000    0.984    0.002    0.014
    3   0.000    0.000    1.000    0.000
    4   0.049    0.008    0.000    0.943


MODEL RESULTS

                                                    Two-Tailed
                    Estimate       S.E.  Est./S.E.    P-Value

Latent Class 1

 F1       BY
    Y1                 1.000      0.000    999.000    999.000
    Y2                 0.805      0.005    166.289      0.000
    Y3                 0.797      0.005    161.372      0.000
    Y4                 0.799      0.005    169.857      0.000

 Means
    F1                -4.132      0.073    -56.678      0.000

 Intercepts
    Y1                 0.000      0.000    999.000    999.000
    Y2                 0.000      0.000    999.000    999.000
    Y3                 0.000      0.000    999.000    999.000
    Y4                 0.000      0.000    999.000    999.000

 Variances
    F1                 0.859      0.118      7.264      0.000

 Residual Variances
    Y1                 0.288      0.033      8.710      0.000
    Y2                 0.310      0.027     11.309      0.000
    Y3                 0.254      0.025     10.068      0.000
    Y4                 0.308      0.028     11.132      0.000

Latent Class 2

 F1       BY
    Y1                 1.000      0.000    999.000    999.000
    Y2                 0.805      0.005    166.289      0.000
    Y3                 0.797      0.005    161.372      0.000
    Y4                 0.799      0.005    169.857      0.000

 Means
    F1                 3.963      0.036    109.122      0.000

 Intercepts
    Y1                 0.000      0.000    999.000    999.000
    Y2                 0.000      0.000    999.000    999.000
    Y3                 0.000      0.000    999.000    999.000
    Y4                 0.000      0.000    999.000    999.000

 Variances
    F1                 0.202      0.033      6.164      0.000

 Residual Variances
    Y1                 0.277      0.030      9.347      0.000
    Y2                 0.335      0.032     10.406      0.000
    Y3                 0.258      0.026      9.833      0.000
    Y4                 0.310      0.030     10.328      0.000

Latent Class 3

 F1       BY
    Y1                 1.000      0.000    999.000    999.000
    Y2                 0.805      0.005    166.289      0.000
    Y3                 0.797      0.005    161.372      0.000
    Y4                 0.799      0.005    169.857      0.000

 Means
    F1                 7.910      0.061    129.547      0.000

 Intercepts
    Y1                 0.000      0.000    999.000    999.000
    Y2                 0.000      0.000    999.000    999.000
    Y3                 0.000      0.000    999.000    999.000
    Y4                 0.000      0.000    999.000    999.000

 Variances
    F1                 0.452      0.066      6.805      0.000

 Residual Variances
    Y1                 0.303      0.054      5.636      0.000
    Y2                 0.258      0.033      7.735      0.000
    Y3                 0.387      0.050      7.673      0.000
    Y4                 0.289      0.034      8.511      0.000

Latent Class 4

 F1       BY
    Y1                 1.000      0.000    999.000    999.000
    Y2                 0.805      0.005    166.289      0.000
    Y3                 0.797      0.005    161.372      0.000
    Y4                 0.799      0.005    169.857      0.000

 Means
    F1                 0.000      0.000    999.000    999.000

 Intercepts
    Y1                 0.000      0.000    999.000    999.000
    Y2                 0.000      0.000    999.000    999.000
    Y3                 0.000      0.000    999.000    999.000
    Y4                 0.000      0.000    999.000    999.000

 Variances
    F1                 1.593      0.413      3.855      0.000

 Residual Variances
    Y1                 0.278      0.053      5.242      0.000
    Y2                 0.289      0.040      7.267      0.000
    Y3                 0.318      0.051      6.301      0.000
    Y4                 0.344      0.049      7.089      0.000

Categorical Latent Variables

 Means
    C#1                0.768      0.134      5.733      0.000
    C#2                0.625      0.127      4.906      0.000
    C#3                0.113      0.130      0.865      0.387


QUALITY OF NUMERICAL RESULTS

     Condition Number for the Information Matrix              0.693E-04
       (ratio of smallest to largest eigenvalue)


TECHNICAL 1 OUTPUT


     PARAMETER SPECIFICATION FOR LATENT CLASS 1


           NU
              Y1            Y2            Y3            Y4
              ________      ________      ________      ________
 1                  0             0             0             0


           LAMBDA
              F1
              ________
 Y1                 0
 Y2                 1
 Y3                 2
 Y4                 3


           THETA
              Y1            Y2            Y3            Y4
              ________      ________      ________      ________
 Y1                 4
 Y2                 0             5
 Y3                 0             0             6
 Y4                 0             0             0             7


           ALPHA
              F1
              ________
 1                  8


           BETA
              F1
              ________
 F1                 0


           PSI
              F1
              ________
 F1                 9


     PARAMETER SPECIFICATION FOR LATENT CLASS 2


           NU
              Y1            Y2            Y3            Y4
              ________      ________      ________      ________
 1                  0             0             0             0


           LAMBDA
              F1
              ________
 Y1                 0
 Y2                 1
 Y3                 2
 Y4                 3


           THETA
              Y1            Y2            Y3            Y4
              ________      ________      ________      ________
 Y1                10
 Y2                 0            11
 Y3                 0             0            12
 Y4                 0             0             0            13


           ALPHA
              F1
              ________
 1                 14


           BETA
              F1
              ________
 F1                 0


           PSI
              F1
              ________
 F1                15


     PARAMETER SPECIFICATION FOR LATENT CLASS 3


           NU
              Y1            Y2            Y3            Y4
              ________      ________      ________      ________
 1                  0             0             0             0


           LAMBDA
              F1
              ________
 Y1                 0
 Y2                 1
 Y3                 2
 Y4                 3


           THETA
              Y1            Y2            Y3            Y4
              ________      ________      ________      ________
 Y1                16
 Y2                 0            17
 Y3                 0             0            18
 Y4                 0             0             0            19


           ALPHA
              F1
              ________
 1                 20


           BETA
              F1
              ________
 F1                 0


           PSI
              F1
              ________
 F1                21


     PARAMETER SPECIFICATION FOR LATENT CLASS 4


           NU
              Y1            Y2            Y3            Y4
              ________      ________      ________      ________
 1                  0             0             0             0


           LAMBDA
              F1
              ________
 Y1                 0
 Y2                 1
 Y3                 2
 Y4                 3


           THETA
              Y1            Y2            Y3            Y4
              ________      ________      ________      ________
 Y1                22
 Y2                 0            23
 Y3                 0             0            24
 Y4                 0             0             0            25


           ALPHA
              F1
              ________
 1                  0


           BETA
              F1
              ________
 F1                 0


           PSI
              F1
              ________
 F1                26


     PARAMETER SPECIFICATION FOR LATENT CLASS REGRESSION MODEL PART


           ALPHA(C)
              C#1           C#2           C#3           C#4
              ________      ________      ________      ________
 1                 27            28            29             0


     STARTING VALUES FOR LATENT CLASS 1


           NU
              Y1            Y2            Y3            Y4
              ________      ________      ________      ________
 1              0.000         0.000         0.000         0.000


           LAMBDA
              F1
              ________
 Y1             1.000
 Y2             1.000
 Y3             1.000
 Y4             1.000


           THETA
              Y1            Y2            Y3            Y4
              ________      ________      ________      ________
 Y1            10.893
 Y2             0.000         7.136
 Y3             0.000         0.000         6.995
 Y4             0.000         0.000         0.000         7.042


           ALPHA
              F1
              ________
 1              0.000


           BETA
              F1
              ________
 F1             0.000


           PSI
              F1
              ________
 F1             0.050


     STARTING VALUES FOR LATENT CLASS 2


           NU
              Y1            Y2            Y3            Y4
              ________      ________      ________      ________
 1              0.000         0.000         0.000         0.000


           LAMBDA
              F1
              ________
 Y1             1.000
 Y2             1.000
 Y3             1.000
 Y4             1.000


           THETA
              Y1            Y2            Y3            Y4
              ________      ________      ________      ________
 Y1            10.893
 Y2             0.000         7.136
 Y3             0.000         0.000         6.995
 Y4             0.000         0.000         0.000         7.042


           ALPHA
              F1
              ________
 1              0.000


           BETA
              F1
              ________
 F1             0.000


           PSI
              F1
              ________
 F1             0.050


     STARTING VALUES FOR LATENT CLASS 3


           NU
              Y1            Y2            Y3            Y4
              ________      ________      ________      ________
 1              0.000         0.000         0.000         0.000


           LAMBDA
              F1
              ________
 Y1             1.000
 Y2             1.000
 Y3             1.000
 Y4             1.000


           THETA
              Y1            Y2            Y3            Y4
              ________      ________      ________      ________
 Y1            10.893
 Y2             0.000         7.136
 Y3             0.000         0.000         6.995
 Y4             0.000         0.000         0.000         7.042


           ALPHA
              F1
              ________
 1              0.000


           BETA
              F1
              ________
 F1             0.000


           PSI
              F1
              ________
 F1             0.050


     STARTING VALUES FOR LATENT CLASS 4


           NU
              Y1            Y2            Y3            Y4
              ________      ________      ________      ________
 1              0.000         0.000         0.000         0.000


           LAMBDA
              F1
              ________
 Y1             1.000
 Y2             1.000
 Y3             1.000
 Y4             1.000


           THETA
              Y1            Y2            Y3            Y4
              ________      ________      ________      ________
 Y1            10.893
 Y2             0.000         7.136
 Y3             0.000         0.000         6.995
 Y4             0.000         0.000         0.000         7.042


           ALPHA
              F1
              ________
 1              0.000


           BETA
              F1
              ________
 F1             0.000


           PSI
              F1
              ________
 F1             0.050


     STARTING VALUES FOR LATENT CLASS REGRESSION MODEL PART


           ALPHA(C)
              C#1           C#2           C#3           C#4
              ________      ________      ________      ________
 1              0.000         0.000         0.000         0.000


TECHNICAL 4 OUTPUT


     ESTIMATES DERIVED FROM THE MODEL FOR CLASS 1


           ESTIMATED MEANS FOR THE LATENT VARIABLES
              F1
              ________
 1             -4.132


           ESTIMATED COVARIANCE MATRIX FOR THE LATENT VARIABLES
              F1
              ________
 F1             0.859


           ESTIMATED CORRELATION MATRIX FOR THE LATENT VARIABLES
              F1
              ________
 F1             1.000


     ESTIMATES DERIVED FROM THE MODEL FOR CLASS 2


           ESTIMATED MEANS FOR THE LATENT VARIABLES
              F1
              ________
 1              3.963


           ESTIMATED COVARIANCE MATRIX FOR THE LATENT VARIABLES
              F1
              ________
 F1             0.202


           ESTIMATED CORRELATION MATRIX FOR THE LATENT VARIABLES
              F1
              ________
 F1             1.000


     ESTIMATES DERIVED FROM THE MODEL FOR CLASS 3


           ESTIMATED MEANS FOR THE LATENT VARIABLES
              F1
              ________
 1              7.910


           ESTIMATED COVARIANCE MATRIX FOR THE LATENT VARIABLES
              F1
              ________
 F1             0.452


           ESTIMATED CORRELATION MATRIX FOR THE LATENT VARIABLES
              F1
              ________
 F1             1.000


     ESTIMATES DERIVED FROM THE MODEL FOR CLASS 4


           ESTIMATED MEANS FOR THE LATENT VARIABLES
              F1
              ________
 1              0.000


           ESTIMATED COVARIANCE MATRIX FOR THE LATENT VARIABLES
              F1
              ________
 F1             1.593


           ESTIMATED CORRELATION MATRIX FOR THE LATENT VARIABLES
              F1
              ________
 F1             1.000


RESULTS SAVING INFORMATION

  Order of data

    Parameter estimates
     (saved in order shown in Technical 1 output)
    Standard errors
     (saved in order shown in Technical 1 output)
    H0 Loglikelihood
    H0 Scaling Correction Factor for MLR
    Number of Free Parameters
    Akaike (AIC)
    Bayesian (BIC)
    Sample-Size Adjusted BIC
    Entropy

  Save file
    fmm_dat2.par

  Save file format           Free


SAVEDATA INFORMATION

  Order and format of variables

    Y1             F10.3
    Y2             F10.3
    Y3             F10.3
    Y4             F10.3
    TC             I2
    CPROB1         F10.3
    CPROB2         F10.3
    CPROB3         F10.3
    CPROB4         F10.3
    C              F10.3

  Save file
    fmm_dat2.pro

  Save file format
    4F10.3 I2 5F10.3

  Save file record length    5000


     Beginning Time:  11:31:29
        Ending Time:  11:33:53
       Elapsed Time:  00:02:24



MUTHEN & MUTHEN
3463 Stoner Ave.
Los Angeles, CA  90066

Tel: (310) 391-9971
Fax: (310) 391-8971
Web: www.StatModel.com
Support: Support@StatModel.com

Copyright (c) 1998-2009 Muthen & Muthen
