Mplus VERSION 8.2
MUTHEN & MUTHEN
06/22/2020  12:43 AM

INPUT INSTRUCTIONS


  TITLE: MLTA Test

  DATA: 	FILE IS condition1_replist.dat;
         	Type = MONTECARLO;

  VARIABLE:	
  	NAMES ARE u1-u4 u21-u24 c1t c2t cluster;
  	USEVARIABLES = u1-u4 u21-u24;
          CATEGORICAL = u1-u4 u21-u24;
  	CLASSES=c1(2) c2(2);
  	CLUSTER=cluster;
  	AUXILIARY=c1t c2t;

  ANALYSIS: TYPE = MIXTURE TWOLEVEL;
  	STARTS = 200 20;
  	PROCESS=4(STARTS);
  	INTEGRATION = 10;

  MODEL:
      %WITHIN%
          %OVERALL%
              [c2#1]   (a);
              c2 ON c1 (g);
      %BETWEEN%
          %OVERALL%
              c2#1 ON c1#1 (b);
              c1#1  (v1);
              c2#1  (v2);

      MODEL c1:
          %BETWEEN%
              %c1#1%
              [u1$1-u4$1](a1-a4);

              %c1#2%
              [u1$1-u4$1](a11-a14);

      MODEL c2:
          %BETWEEN%
              %c2#1%
              [u21$1-u24$1](a1-a4);

              %c2#2%
              [u21$1-u24$1](a11-a14);

  MODEL CONSTRAINT:
      NEW(log11 log21
          prob11 prob12
          prob21 prob22
          odds12 odds21);
      ! define 4 logits. Note that logits are zero
      ! for the last (reference) c2 class
      ! logit c1=1, c2=1:
      log11 = a + g;
      ! logit c1=2, c2=1
      ! (see p. 447 table, last row)
      log21 = a;
      ! define probabilities for the 4 c1, c2 cells
      prob11 = exp(log11)/(exp(log11)+1);
      prob12 = 1/(exp(log11)+1);
      prob21 = exp(log21)/(exp(log21)+1);
      prob22 = 1/(exp(log21)+1);

      ! define odds with diagonal (staying in the same class) as
      ! the reference class
      odds12 = prob12/prob11;
      odds21 = prob21/prob22;

  !SAVEDATA:       Results are result_1_dat1.par;
  !		FILE IS result_condition1_dat1.pro;
  !		SAVE IS CPROBABILITIES;

  !OUTPUT: tech1 tech4;



INPUT READING TERMINATED NORMALLY



MLTA Test

SUMMARY OF ANALYSIS

Number of groups                                                 1
Average number of observations                                1000

Number of replications
    Requested                                                    5
    Completed                                                    5

Number of dependent variables                                    8
Number of independent variables                                  0
Number of continuous latent variables                            0
Number of categorical latent variables                           2

Observed dependent variables

  Binary and ordered categorical (ordinal)
   U1          U2          U3          U4          U21         U22
   U23         U24

Observed auxiliary variables
   C1T         C2T

Categorical latent variables
   C1          C2

Variables with special functions

  Cluster variable      CLUSTER

Estimator                                                      MLR
Information matrix                                        OBSERVED
Optimization Specifications for the Quasi-Newton Algorithm for
Continuous Outcomes
  Maximum number of iterations                                 100
  Convergence criterion                                  0.100D-05
Optimization Specifications for the EM Algorithm
  Maximum number of iterations                                 500
  Convergence criteria
    Loglikelihood change                                 0.100D-02
    Relative loglikelihood change                        0.100D-05
    Derivative                                           0.100D-02
Optimization Specifications for the M step of the EM Algorithm for
Categorical Latent variables
  Number of M step iterations                                    1
  M step convergence criterion                           0.100D-02
  Basis for M step termination                           ITERATION
Optimization Specifications for the M step of the EM Algorithm for
Censored, Binary or Ordered Categorical (Ordinal), Unordered
Categorical (Nominal) and Count Outcomes
  Number of M step iterations                                    1
  M step convergence criterion                           0.100D-02
  Basis for M step termination                           ITERATION
  Maximum value for logit thresholds                            15
  Minimum value for logit thresholds                           -15
  Minimum expected cell size for chi-square              0.100D-01
Optimization algorithm                                         EMA
Integration Specifications
  Type                                                    STANDARD
  Number of integration points                                  10
  Dimensions of numerical integration                            2
  Adaptive quadrature                                           ON
Random Starts Specifications
  Number of initial stage random starts                        200
  Number of final stage optimizations                           20
  Number of initial stage iterations                            10
  Initial stage convergence criterion                    0.100D+01
  Random starts scale                                    0.500D+01
  Random seed for generating random starts                       0
Parameterization                                             LOGIT
Link                                                         LOGIT
Cholesky                                                        ON

Input data file(s)
  Multiple data files from
    condition1_replist.dat
Input data format  FREE


SUMMARY OF DATA FOR THE FIRST REPLICATION

     Number of clusters                         50



UNIVARIATE PROPORTIONS FOR CATEGORICAL VARIABLES

NOTE:  These are average results over 5 data sets.

    U1
      Category 1    0.890
      Category 2    0.110
    U2
      Category 1    0.690
      Category 2    0.310
    U3
      Category 1    0.377
      Category 2    0.623
    U4
      Category 1    0.172
      Category 2    0.828
    U21
      Category 1    0.922
      Category 2    0.078
    U22
      Category 1    0.735
      Category 2    0.265
    U23
      Category 1    0.384
      Category 2    0.616
    U24
      Category 1    0.287
      Category 2    0.713





MODEL FIT INFORMATION

Number of Free Parameters                       14

Loglikelihood

    H0 Value

        Mean                             -4085.810
        Std Dev                             42.470
        Number of successful computations        5

             Proportions                   Percentiles
        Expected    Observed         Expected       Observed
           0.990       1.000        -4184.609      -4128.887
           0.980       1.000        -4173.031      -4128.887
           0.950       1.000        -4155.669      -4128.887
           0.900       1.000        -4140.240      -4128.887
           0.800       0.800        -4121.553      -4128.887
           0.700       0.400        -4108.081      -4128.887
           0.500       0.400        -4085.810      -4112.080
           0.300       0.200        -4063.538      -4111.450
           0.200       0.200        -4050.067      -4063.852
           0.100       0.200        -4031.380      -4063.852
           0.050       0.200        -4015.950      -4063.852
           0.020       0.000        -3998.588      -4063.852
           0.010       0.000        -3987.011      -4063.852

Information Criteria

    Akaike (AIC)

        Mean                              8199.619
        Std Dev                             84.941
        Number of successful computations        5

             Proportions                   Percentiles
        Expected    Observed         Expected       Observed
           0.990       1.000         8002.021       8053.560
           0.980       1.000         8025.176       8053.560
           0.950       0.800         8059.900       8053.560
           0.900       0.800         8090.759       8053.560
           0.800       0.800         8128.133       8053.560
           0.700       0.800         8155.076       8053.560
           0.500       0.600         8199.619       8155.703
           0.300       0.600         8244.162       8250.899
           0.200       0.200         8271.105       8252.161
           0.100       0.000         8308.479       8252.161
           0.050       0.000         8339.338       8252.161
           0.020       0.000         8374.062       8252.161
           0.010       0.000         8397.217       8252.161

    Bayesian (BIC)

        Mean                              8268.328
        Std Dev                             84.941
        Number of successful computations        5

             Proportions                   Percentiles
        Expected    Observed         Expected       Observed
           0.990       1.000         8070.730       8122.268
           0.980       1.000         8093.885       8122.268
           0.950       0.800         8128.609       8122.268
           0.900       0.800         8159.468       8122.268
           0.800       0.800         8196.842       8122.268
           0.700       0.800         8223.785       8122.268
           0.500       0.600         8268.328       8224.412
           0.300       0.600         8312.871       8319.608
           0.200       0.200         8339.814       8320.869
           0.100       0.000         8377.188       8320.869
           0.050       0.000         8408.047       8320.869
           0.020       0.000         8442.771       8320.869
           0.010       0.000         8465.926       8320.869

    Sample-Size Adjusted BIC (n* = (n + 2) / 24)

        Mean                              8223.863
        Std Dev                             84.941
        Number of successful computations        5

             Proportions                   Percentiles
        Expected    Observed         Expected       Observed
           0.990       1.000         8026.265       8077.804
           0.980       1.000         8049.420       8077.804
           0.950       0.800         8084.144       8077.804
           0.900       0.800         8115.003       8077.804
           0.800       0.800         8152.377       8077.804
           0.700       0.800         8179.320       8077.804
           0.500       0.600         8223.863       8179.947
           0.300       0.600         8268.406       8275.143
           0.200       0.200         8295.349       8276.404
           0.100       0.000         8332.723       8276.404
           0.050       0.000         8363.582       8276.404
           0.020       0.000         8398.306       8276.404
           0.010       0.000         8421.461       8276.404



MODEL RESULTS USE THE LATENT CLASS VARIABLE ORDER

   C1  C2

  Latent Class Variable Patterns

         C1        C2
      Class     Class

         1         1
         1         2
         2         1
         2         2


FINAL CLASS COUNTS AND PROPORTIONS FOR THE LATENT CLASS PATTERNS
BASED ON ESTIMATED POSTERIOR PROBABILITIES

  Latent Class
    Pattern

    1  1        510.30339          0.51030
    1  2         32.70937          0.03271
    2  1        126.16670          0.12617
    2  2        330.82054          0.33082


FINAL CLASS COUNTS AND PROPORTIONS FOR EACH LATENT CLASS VARIABLE
BASED ON ESTIMATED POSTERIOR PROBABILITIES

  Latent Class
    Variable    Class

    C1             1       543.01276          0.54301
                   2       456.98724          0.45699
    C2             1       636.47009          0.63647
                   2       363.52991          0.36353


FINAL CLASS COUNTS AND PROPORTIONS FOR THE LATENT CLASS PATTERNS
BASED ON THEIR MOST LIKELY LATENT CLASS PATTERN

Class Counts and Proportions

  Latent Class
    Pattern

    1  1              537          0.53720
    1  2               26          0.02560
    2  1              115          0.11500
    2  2              322          0.32220


FINAL CLASS COUNTS AND PROPORTIONS FOR EACH LATENT CLASS VARIABLE
BASED ON THEIR MOST LIKELY LATENT CLASS PATTERN

  Latent Class
    Variable    Class

    C1             1             562          0.56280
                   2             437          0.43720
    C2             1             652          0.65220
                   2             347          0.34780


AVERAGE CLASSIFICATION QUALITY

     Entropy                         0.576


Average Latent Class Probabilities for Most Likely Latent Class Pattern (Row)
by Latent Class Pattern (Column)

  Latent Class Variable Patterns

  Latent Class         C1        C2
   Pattern No.      Class     Class

         1             1         1
         2             1         2
         3             2         1
         4             2         2

           1        2        3        4

    1   0.825    0.027    0.074    0.074
    2   0.303    0.219    0.011    0.267
    3   0.298    0.006    0.405    0.291
    4   0.082    0.028    0.102    0.788


MODEL RESULTS

                              ESTIMATES              S. E.     M. S. E.  95%  % Sig
                 Population   Average   Std. Dev.   Average             Cover Coeff
Within Level

Between Level

Latent Class Pattern 1 1

 Thresholds
  U1$1                1.713     2.8669     0.6481     0.1915     1.6679 0.200 1.000
  U2$1                0.345     1.7270     1.2458     0.2252     3.1517 0.000 1.000
  U3$1               -0.941    -0.2721     0.5590     0.0814     0.6976 0.000 0.200
  U4$1               -1.719    -1.0314     0.6928     0.1049     0.8568 0.000 1.000
  U21$1               1.713     2.8669     0.6481     0.1915     1.6679 0.200 1.000
  U22$1               0.345     1.7270     1.2458     0.2252     3.1517 0.000 1.000
  U23$1              -0.941    -0.2721     0.5590     0.0814     0.6976 0.000 0.200
  U24$1              -1.719    -1.0314     0.6928     0.1049     0.8568 0.000 1.000

Latent Class Pattern 1 2

 Thresholds
  U1$1                1.713     2.8669     0.6481     0.1915     1.6679 0.200 1.000
  U2$1                0.345     1.7270     1.2458     0.2252     3.1517 0.000 1.000
  U3$1               -0.941    -0.2721     0.5590     0.0814     0.6976 0.000 0.200
  U4$1               -1.719    -1.0314     0.6928     0.1049     0.8568 0.000 1.000
  U21$1               2.713     1.7578     0.6105     0.1353     1.2102 0.200 1.000
  U22$1               1.345     0.1038     1.1506     0.1639     2.5994 0.000 1.000
  U23$1               0.059    -1.1557     0.5756     0.1368     1.7401 0.000 1.000
  U24$1              -0.719    -2.2015     0.7631     0.2249     2.6639 0.200 1.000

Latent Class Pattern 2 1

 Thresholds
  U1$1                2.713     1.7578     0.6105     0.1353     1.2102 0.200 1.000
  U2$1                1.345     0.1038     1.1506     0.1639     2.5994 0.000 1.000
  U3$1                0.059    -1.1557     0.5756     0.1368     1.7401 0.000 1.000
  U4$1               -0.719    -2.2015     0.7631     0.2249     2.6639 0.200 1.000
  U21$1               1.713     2.8669     0.6481     0.1915     1.6679 0.200 1.000
  U22$1               0.345     1.7270     1.2458     0.2252     3.1517 0.000 1.000
  U23$1              -0.941    -0.2721     0.5590     0.0814     0.6976 0.000 0.200
  U24$1              -1.719    -1.0314     0.6928     0.1049     0.8568 0.000 1.000

Latent Class Pattern 2 2

 Thresholds
  U1$1                2.713     1.7578     0.6105     0.1353     1.2102 0.200 1.000
  U2$1                1.345     0.1038     1.1506     0.1639     2.5994 0.000 1.000
  U3$1                0.059    -1.1557     0.5756     0.1368     1.7401 0.000 1.000
  U4$1               -0.719    -2.2015     0.7631     0.2249     2.6639 0.200 1.000
  U21$1               2.713     1.7578     0.6105     0.1353     1.2102 0.200 1.000
  U22$1               1.345     0.1038     1.1506     0.1639     2.5994 0.000 1.000
  U23$1               0.059    -1.1557     0.5756     0.1368     1.7401 0.000 1.000
  U24$1              -0.719    -2.2015     0.7631     0.2249     2.6639 0.200 1.000

Categorical Latent Variables

Within Level

 C2#1     ON
  C1#1                0.000    63.4372   132.5461     1.2658 18079.0508 0.200 0.800

 Means
  C1#1                0.000     0.2085     0.2653     0.2535     0.0998 0.800 0.200
  C2#1                0.000    -1.2359     1.5806     0.8226     3.5261 0.400 0.600

Between Level

 C2#1       ON
  C1#1                0.000     0.2877     0.2917     0.3114     0.1508 1.000 0.000

 Variances
  C1#1                0.050     0.9510     0.2496     0.4156     0.8616 0.200 0.800

 Residual Variances
  C2#1                0.050     0.0462     0.1019     0.0806     0.0083 0.200 0.000

New/Additional Parameters
  LOG11               0.500    62.2013   132.8101     0.7189 17917.8711 0.200 1.000
  LOG21               0.500    -1.2359     1.5806     0.8226     5.0120 0.200 0.600
  PROB11              0.500     0.9283     0.1060     0.0305     0.1924 0.000 1.000
  PROB12              0.500     0.0717     0.1060     0.0305     0.1924 0.000 0.400
  PROB21              0.500     0.2998     0.1670     0.0605     0.0624 0.200 0.800
  PROB22              0.500     0.7002     0.1670     0.0605     0.0624 0.200 1.000
  ODDS12              0.500     0.0906     0.1459     0.0419     0.1847 0.200 0.400
  ODDS21              0.500     0.4844     0.2994     0.1418     0.0719 0.800 0.800


QUALITY OF NUMERICAL RESULTS

     Average Condition Number for the Information Matrix      0.580E-03
       (ratio of smallest to largest eigenvalue)


TECHNICAL 1 OUTPUT


     PARAMETER SPECIFICATION FOR WITHIN LEVEL, LATENT CLASS PATTERN 1 1


           NU
              U1            U2            U3            U4            U21
              ________      ________      ________      ________      ________
                    0             0             0             0             0


           NU
              U22           U23           U24
              ________      ________      ________
                    0             0             0


           LAMBDA
              C1#1          C2#1
              ________      ________
 U1                 0             0
 U2                 0             0
 U3                 0             0
 U4                 0             0
 U21                0             0
 U22                0             0
 U23                0             0
 U24                0             0


           THETA
              U1            U2            U3            U4            U21
              ________      ________      ________      ________      ________
 U1                 0
 U2                 0             0
 U3                 0             0             0
 U4                 0             0             0             0
 U21                0             0             0             0             0
 U22                0             0             0             0             0
 U23                0             0             0             0             0
 U24                0             0             0             0             0


           THETA
              U22           U23           U24
              ________      ________      ________
 U22                0
 U23                0             0
 U24                0             0             0


           ALPHA
              C1#1          C2#1
              ________      ________
                    0             0


           BETA
              C1#1          C2#1
              ________      ________
 C1#1               0             0
 C2#1               0             0


           PSI
              C1#1          C2#1
              ________      ________
 C1#1               0
 C2#1               0             0


     PARAMETER SPECIFICATION FOR WITHIN LEVEL, LATENT CLASS PATTERN 1 2


           NU
              U1            U2            U3            U4            U21
              ________      ________      ________      ________      ________
                    0             0             0             0             0


           NU
              U22           U23           U24
              ________      ________      ________
                    0             0             0


           LAMBDA
              C1#1          C2#1
              ________      ________
 U1                 0             0
 U2                 0             0
 U3                 0             0
 U4                 0             0
 U21                0             0
 U22                0             0
 U23                0             0
 U24                0             0


           THETA
              U1            U2            U3            U4            U21
              ________      ________      ________      ________      ________
 U1                 0
 U2                 0             0
 U3                 0             0             0
 U4                 0             0             0             0
 U21                0             0             0             0             0
 U22                0             0             0             0             0
 U23                0             0             0             0             0
 U24                0             0             0             0             0


           THETA
              U22           U23           U24
              ________      ________      ________
 U22                0
 U23                0             0
 U24                0             0             0


           ALPHA
              C1#1          C2#1
              ________      ________
                    0             0


           BETA
              C1#1          C2#1
              ________      ________
 C1#1               0             0
 C2#1               0             0


           PSI
              C1#1          C2#1
              ________      ________
 C1#1               0
 C2#1               0             0


     PARAMETER SPECIFICATION FOR WITHIN LEVEL, LATENT CLASS PATTERN 2 1


           NU
              U1            U2            U3            U4            U21
              ________      ________      ________      ________      ________
                    0             0             0             0             0


           NU
              U22           U23           U24
              ________      ________      ________
                    0             0             0


           LAMBDA
              C1#1          C2#1
              ________      ________
 U1                 0             0
 U2                 0             0
 U3                 0             0
 U4                 0             0
 U21                0             0
 U22                0             0
 U23                0             0
 U24                0             0


           THETA
              U1            U2            U3            U4            U21
              ________      ________      ________      ________      ________
 U1                 0
 U2                 0             0
 U3                 0             0             0
 U4                 0             0             0             0
 U21                0             0             0             0             0
 U22                0             0             0             0             0
 U23                0             0             0             0             0
 U24                0             0             0             0             0


           THETA
              U22           U23           U24
              ________      ________      ________
 U22                0
 U23                0             0
 U24                0             0             0


           ALPHA
              C1#1          C2#1
              ________      ________
                    0             0


           BETA
              C1#1          C2#1
              ________      ________
 C1#1               0             0
 C2#1               0             0


           PSI
              C1#1          C2#1
              ________      ________
 C1#1               0
 C2#1               0             0


     PARAMETER SPECIFICATION FOR WITHIN LEVEL, LATENT CLASS PATTERN 2 2


           NU
              U1            U2            U3            U4            U21
              ________      ________      ________      ________      ________
                    0             0             0             0             0


           NU
              U22           U23           U24
              ________      ________      ________
                    0             0             0


           LAMBDA
              C1#1          C2#1
              ________      ________
 U1                 0             0
 U2                 0             0
 U3                 0             0
 U4                 0             0
 U21                0             0
 U22                0             0
 U23                0             0
 U24                0             0


           THETA
              U1            U2            U3            U4            U21
              ________      ________      ________      ________      ________
 U1                 0
 U2                 0             0
 U3                 0             0             0
 U4                 0             0             0             0
 U21                0             0             0             0             0
 U22                0             0             0             0             0
 U23                0             0             0             0             0
 U24                0             0             0             0             0


           THETA
              U22           U23           U24
              ________      ________      ________
 U22                0
 U23                0             0
 U24                0             0             0


           ALPHA
              C1#1          C2#1
              ________      ________
                    0             0


           BETA
              C1#1          C2#1
              ________      ________
 C1#1               0             0
 C2#1               0             0


           PSI
              C1#1          C2#1
              ________      ________
 C1#1               0
 C2#1               0             0


     PARAMETER SPECIFICATION FOR BETWEEN LEVEL, LATENT CLASS PATTERN 1 1


           NU
              U1            U2            U3            U4            U21
              ________      ________      ________      ________      ________
                    0             0             0             0             0


           NU
              U22           U23           U24
              ________      ________      ________
                    0             0             0


           LAMBDA
              C1#1          C2#1
              ________      ________
 U1                 0             0
 U2                 0             0
 U3                 0             0
 U4                 0             0
 U21                0             0
 U22                0             0
 U23                0             0
 U24                0             0


           THETA
              U1            U2            U3            U4            U21
              ________      ________      ________      ________      ________
 U1                 0
 U2                 0             0
 U3                 0             0             0
 U4                 0             0             0             0
 U21                0             0             0             0             0
 U22                0             0             0             0             0
 U23                0             0             0             0             0
 U24                0             0             0             0             0


           THETA
              U22           U23           U24
              ________      ________      ________
 U22                0
 U23                0             0
 U24                0             0             0


           ALPHA
              C1#1          C2#1
              ________      ________
                    0             0


           BETA
              C1#1          C2#1
              ________      ________
 C1#1               0             0
 C2#1               1             0


           PSI
              C1#1          C2#1
              ________      ________
 C1#1               2
 C2#1               0             3


     PARAMETER SPECIFICATION FOR BETWEEN LEVEL, LATENT CLASS PATTERN 1 2


           NU
              U1            U2            U3            U4            U21
              ________      ________      ________      ________      ________
                    0             0             0             0             0


           NU
              U22           U23           U24
              ________      ________      ________
                    0             0             0


           LAMBDA
              C1#1          C2#1
              ________      ________
 U1                 0             0
 U2                 0             0
 U3                 0             0
 U4                 0             0
 U21                0             0
 U22                0             0
 U23                0             0
 U24                0             0


           THETA
              U1            U2            U3            U4            U21
              ________      ________      ________      ________      ________
 U1                 0
 U2                 0             0
 U3                 0             0             0
 U4                 0             0             0             0
 U21                0             0             0             0             0
 U22                0             0             0             0             0
 U23                0             0             0             0             0
 U24                0             0             0             0             0


           THETA
              U22           U23           U24
              ________      ________      ________
 U22                0
 U23                0             0
 U24                0             0             0


           ALPHA
              C1#1          C2#1
              ________      ________
                    0             0


           BETA
              C1#1          C2#1
              ________      ________
 C1#1               0             0
 C2#1               1             0


           PSI
              C1#1          C2#1
              ________      ________
 C1#1               2
 C2#1               0             3


     PARAMETER SPECIFICATION FOR BETWEEN LEVEL, LATENT CLASS PATTERN 2 1


           NU
              U1            U2            U3            U4            U21
              ________      ________      ________      ________      ________
                    0             0             0             0             0


           NU
              U22           U23           U24
              ________      ________      ________
                    0             0             0


           LAMBDA
              C1#1          C2#1
              ________      ________
 U1                 0             0
 U2                 0             0
 U3                 0             0
 U4                 0             0
 U21                0             0
 U22                0             0
 U23                0             0
 U24                0             0


           THETA
              U1            U2            U3            U4            U21
              ________      ________      ________      ________      ________
 U1                 0
 U2                 0             0
 U3                 0             0             0
 U4                 0             0             0             0
 U21                0             0             0             0             0
 U22                0             0             0             0             0
 U23                0             0             0             0             0
 U24                0             0             0             0             0


           THETA
              U22           U23           U24
              ________      ________      ________
 U22                0
 U23                0             0
 U24                0             0             0


           ALPHA
              C1#1          C2#1
              ________      ________
                    0             0


           BETA
              C1#1          C2#1
              ________      ________
 C1#1               0             0
 C2#1               1             0


           PSI
              C1#1          C2#1
              ________      ________
 C1#1               2
 C2#1               0             3


     PARAMETER SPECIFICATION FOR BETWEEN LEVEL, LATENT CLASS PATTERN 2 2


           NU
              U1            U2            U3            U4            U21
              ________      ________      ________      ________      ________
                    0             0             0             0             0


           NU
              U22           U23           U24
              ________      ________      ________
                    0             0             0


           LAMBDA
              C1#1          C2#1
              ________      ________
 U1                 0             0
 U2                 0             0
 U3                 0             0
 U4                 0             0
 U21                0             0
 U22                0             0
 U23                0             0
 U24                0             0


           THETA
              U1            U2            U3            U4            U21
              ________      ________      ________      ________      ________
 U1                 0
 U2                 0             0
 U3                 0             0             0
 U4                 0             0             0             0
 U21                0             0             0             0             0
 U22                0             0             0             0             0
 U23                0             0             0             0             0
 U24                0             0             0             0             0


           THETA
              U22           U23           U24
              ________      ________      ________
 U22                0
 U23                0             0
 U24                0             0             0


           ALPHA
              C1#1          C2#1
              ________      ________
                    0             0


           BETA
              C1#1          C2#1
              ________      ________
 C1#1               0             0
 C2#1               1             0


           PSI
              C1#1          C2#1
              ________      ________
 C1#1               2
 C2#1               0             3


     PARAMETER SPECIFICATION FOR LATENT CLASS INDICATOR MODEL PART (WITHIN)


           TAU(U) FOR LATENT CLASS PATTERN 1 1
              U1$1          U2$1          U3$1          U4$1          U21$1
              ________      ________      ________      ________      ________
                    0             0             0             0             0


           TAU(U) FOR LATENT CLASS PATTERN 1 1
              U22$1         U23$1         U24$1
              ________      ________      ________
                    0             0             0


           TAU(U) FOR LATENT CLASS PATTERN 1 2
              U1$1          U2$1          U3$1          U4$1          U21$1
              ________      ________      ________      ________      ________
                    0             0             0             0             0


           TAU(U) FOR LATENT CLASS PATTERN 1 2
              U22$1         U23$1         U24$1
              ________      ________      ________
                    0             0             0


           TAU(U) FOR LATENT CLASS PATTERN 2 1
              U1$1          U2$1          U3$1          U4$1          U21$1
              ________      ________      ________      ________      ________
                    0             0             0             0             0


           TAU(U) FOR LATENT CLASS PATTERN 2 1
              U22$1         U23$1         U24$1
              ________      ________      ________
                    0             0             0


           TAU(U) FOR LATENT CLASS PATTERN 2 2
              U1$1          U2$1          U3$1          U4$1          U21$1
              ________      ________      ________      ________      ________
                    0             0             0             0             0


           TAU(U) FOR LATENT CLASS PATTERN 2 2
              U22$1         U23$1         U24$1
              ________      ________      ________
                    0             0             0


     PARAMETER SPECIFICATION FOR LATENT CLASS INDICATOR MODEL PART (BETWEEN)


           TAU(U) FOR LATENT CLASS PATTERN 1 1
              U1$1          U2$1          U3$1          U4$1          U21$1
              ________      ________      ________      ________      ________
                    4             5             6             7             4


           TAU(U) FOR LATENT CLASS PATTERN 1 1
              U22$1         U23$1         U24$1
              ________      ________      ________
                    5             6             7


           TAU(U) FOR LATENT CLASS PATTERN 1 2
              U1$1          U2$1          U3$1          U4$1          U21$1
              ________      ________      ________      ________      ________
                    4             5             6             7             8


           TAU(U) FOR LATENT CLASS PATTERN 1 2
              U22$1         U23$1         U24$1
              ________      ________      ________
                    9            10            11


           TAU(U) FOR LATENT CLASS PATTERN 2 1
              U1$1          U2$1          U3$1          U4$1          U21$1
              ________      ________      ________      ________      ________
                    8             9            10            11             4


           TAU(U) FOR LATENT CLASS PATTERN 2 1
              U22$1         U23$1         U24$1
              ________      ________      ________
                    5             6             7


           TAU(U) FOR LATENT CLASS PATTERN 2 2
              U1$1          U2$1          U3$1          U4$1          U21$1
              ________      ________      ________      ________      ________
                    8             9            10            11             8


           TAU(U) FOR LATENT CLASS PATTERN 2 2
              U22$1         U23$1         U24$1
              ________      ________      ________
                    9            10            11


     PARAMETER SPECIFICATION FOR LATENT CLASS REGRESSION MODEL PART


           ALPHA(C)
              C1#1          C1#2          C2#1          C2#2
              ________      ________      ________      ________
                   12             0            13             0


           GAMMA(C)
              C1#1          C2#1
              ________      ________
 C1#1               0             0
 C1#2               0             0
 C2#1               0             0
 C2#2               0             0


           BETA(C)
              C1#1          C1#2
              ________      ________
 C2#1              14             0
 C2#2               0             0


     PARAMETER SPECIFICATION FOR THE ADDITIONAL PARAMETERS


           NEW/ADDITIONAL PARAMETERS
              LOG11         LOG21         PROB11        PROB12        PROB21
              ________      ________      ________      ________      ________
                   15            16            17            18            19


           NEW/ADDITIONAL PARAMETERS
              PROB22        ODDS12        ODDS21
              ________      ________      ________
                   20            21            22


     STARTING VALUES FOR WITHIN LEVEL, LATENT CLASS PATTERN 1 1


           NU
              U1            U2            U3            U4            U21
              ________      ________      ________      ________      ________
                0.000         0.000         0.000         0.000         0.000


           NU
              U22           U23           U24
              ________      ________      ________
                0.000         0.000         0.000


           LAMBDA
              C1#1          C2#1
              ________      ________
 U1             0.000         0.000
 U2             0.000         0.000
 U3             0.000         0.000
 U4             0.000         0.000
 U21            0.000         0.000
 U22            0.000         0.000
 U23            0.000         0.000
 U24            0.000         0.000


           THETA
              U1            U2            U3            U4            U21
              ________      ________      ________      ________      ________
 U1             1.000
 U2             0.000         1.000
 U3             0.000         0.000         1.000
 U4             0.000         0.000         0.000         1.000
 U21            0.000         0.000         0.000         0.000         1.000
 U22            0.000         0.000         0.000         0.000         0.000
 U23            0.000         0.000         0.000         0.000         0.000
 U24            0.000         0.000         0.000         0.000         0.000


           THETA
              U22           U23           U24
              ________      ________      ________
 U22            1.000
 U23            0.000         1.000
 U24            0.000         0.000         1.000


           ALPHA
              C1#1          C2#1
              ________      ________
                0.000         0.000


           BETA
              C1#1          C2#1
              ________      ________
 C1#1           0.000         0.000
 C2#1           0.000         0.000


           PSI
              C1#1          C2#1
              ________      ________
 C1#1           0.000
 C2#1           0.000         0.000


     STARTING VALUES FOR WITHIN LEVEL, LATENT CLASS PATTERN 1 2


           NU
              U1            U2            U3            U4            U21
              ________      ________      ________      ________      ________
                0.000         0.000         0.000         0.000         0.000


           NU
              U22           U23           U24
              ________      ________      ________
                0.000         0.000         0.000


           LAMBDA
              C1#1          C2#1
              ________      ________
 U1             0.000         0.000
 U2             0.000         0.000
 U3             0.000         0.000
 U4             0.000         0.000
 U21            0.000         0.000
 U22            0.000         0.000
 U23            0.000         0.000
 U24            0.000         0.000


           THETA
              U1            U2            U3            U4            U21
              ________      ________      ________      ________      ________
 U1             1.000
 U2             0.000         1.000
 U3             0.000         0.000         1.000
 U4             0.000         0.000         0.000         1.000
 U21            0.000         0.000         0.000         0.000         1.000
 U22            0.000         0.000         0.000         0.000         0.000
 U23            0.000         0.000         0.000         0.000         0.000
 U24            0.000         0.000         0.000         0.000         0.000


           THETA
              U22           U23           U24
              ________      ________      ________
 U22            1.000
 U23            0.000         1.000
 U24            0.000         0.000         1.000


           ALPHA
              C1#1          C2#1
              ________      ________
                0.000         0.000


           BETA
              C1#1          C2#1
              ________      ________
 C1#1           0.000         0.000
 C2#1           0.000         0.000


           PSI
              C1#1          C2#1
              ________      ________
 C1#1           0.000
 C2#1           0.000         0.000


     STARTING VALUES FOR WITHIN LEVEL, LATENT CLASS PATTERN 2 1


           NU
              U1            U2            U3            U4            U21
              ________      ________      ________      ________      ________
                0.000         0.000         0.000         0.000         0.000


           NU
              U22           U23           U24
              ________      ________      ________
                0.000         0.000         0.000


           LAMBDA
              C1#1          C2#1
              ________      ________
 U1             0.000         0.000
 U2             0.000         0.000
 U3             0.000         0.000
 U4             0.000         0.000
 U21            0.000         0.000
 U22            0.000         0.000
 U23            0.000         0.000
 U24            0.000         0.000


           THETA
              U1            U2            U3            U4            U21
              ________      ________      ________      ________      ________
 U1             1.000
 U2             0.000         1.000
 U3             0.000         0.000         1.000
 U4             0.000         0.000         0.000         1.000
 U21            0.000         0.000         0.000         0.000         1.000
 U22            0.000         0.000         0.000         0.000         0.000
 U23            0.000         0.000         0.000         0.000         0.000
 U24            0.000         0.000         0.000         0.000         0.000


           THETA
              U22           U23           U24
              ________      ________      ________
 U22            1.000
 U23            0.000         1.000
 U24            0.000         0.000         1.000


           ALPHA
              C1#1          C2#1
              ________      ________
                0.000         0.000


           BETA
              C1#1          C2#1
              ________      ________
 C1#1           0.000         0.000
 C2#1           0.000         0.000


           PSI
              C1#1          C2#1
              ________      ________
 C1#1           0.000
 C2#1           0.000         0.000


     STARTING VALUES FOR WITHIN LEVEL, LATENT CLASS PATTERN 2 2


           NU
              U1            U2            U3            U4            U21
              ________      ________      ________      ________      ________
                0.000         0.000         0.000         0.000         0.000


           NU
              U22           U23           U24
              ________      ________      ________
                0.000         0.000         0.000


           LAMBDA
              C1#1          C2#1
              ________      ________
 U1             0.000         0.000
 U2             0.000         0.000
 U3             0.000         0.000
 U4             0.000         0.000
 U21            0.000         0.000
 U22            0.000         0.000
 U23            0.000         0.000
 U24            0.000         0.000


           THETA
              U1            U2            U3            U4            U21
              ________      ________      ________      ________      ________
 U1             1.000
 U2             0.000         1.000
 U3             0.000         0.000         1.000
 U4             0.000         0.000         0.000         1.000
 U21            0.000         0.000         0.000         0.000         1.000
 U22            0.000         0.000         0.000         0.000         0.000
 U23            0.000         0.000         0.000         0.000         0.000
 U24            0.000         0.000         0.000         0.000         0.000


           THETA
              U22           U23           U24
              ________      ________      ________
 U22            1.000
 U23            0.000         1.000
 U24            0.000         0.000         1.000


           ALPHA
              C1#1          C2#1
              ________      ________
                0.000         0.000


           BETA
              C1#1          C2#1
              ________      ________
 C1#1           0.000         0.000
 C2#1           0.000         0.000


           PSI
              C1#1          C2#1
              ________      ________
 C1#1           0.000
 C2#1           0.000         0.000


     STARTING VALUES FOR BETWEEN LEVEL, LATENT CLASS PATTERN 1 1


           NU
              U1            U2            U3            U4            U21
              ________      ________      ________      ________      ________
                0.000         0.000         0.000         0.000         0.000


           NU
              U22           U23           U24
              ________      ________      ________
                0.000         0.000         0.000


           LAMBDA
              C1#1          C2#1
              ________      ________
 U1             0.000         0.000
 U2             0.000         0.000
 U3             0.000         0.000
 U4             0.000         0.000
 U21            0.000         0.000
 U22            0.000         0.000
 U23            0.000         0.000
 U24            0.000         0.000


           THETA
              U1            U2            U3            U4            U21
              ________      ________      ________      ________      ________
 U1             0.000
 U2             0.000         0.000
 U3             0.000         0.000         0.000
 U4             0.000         0.000         0.000         0.000
 U21            0.000         0.000         0.000         0.000         0.000
 U22            0.000         0.000         0.000         0.000         0.000
 U23            0.000         0.000         0.000         0.000         0.000
 U24            0.000         0.000         0.000         0.000         0.000


           THETA
              U22           U23           U24
              ________      ________      ________
 U22            0.000
 U23            0.000         0.000
 U24            0.000         0.000         0.000


           ALPHA
              C1#1          C2#1
              ________      ________
                0.000         0.000


           BETA
              C1#1          C2#1
              ________      ________
 C1#1           0.000         0.000
 C2#1           0.000         0.000


           PSI
              C1#1          C2#1
              ________      ________
 C1#1           0.050
 C2#1           0.000         0.050


     STARTING VALUES FOR BETWEEN LEVEL, LATENT CLASS PATTERN 1 2


           NU
              U1            U2            U3            U4            U21
              ________      ________      ________      ________      ________
                0.000         0.000         0.000         0.000         0.000


           NU
              U22           U23           U24
              ________      ________      ________
                0.000         0.000         0.000


           LAMBDA
              C1#1          C2#1
              ________      ________
 U1             0.000         0.000
 U2             0.000         0.000
 U3             0.000         0.000
 U4             0.000         0.000
 U21            0.000         0.000
 U22            0.000         0.000
 U23            0.000         0.000
 U24            0.000         0.000


           THETA
              U1            U2            U3            U4            U21
              ________      ________      ________      ________      ________
 U1             0.000
 U2             0.000         0.000
 U3             0.000         0.000         0.000
 U4             0.000         0.000         0.000         0.000
 U21            0.000         0.000         0.000         0.000         0.000
 U22            0.000         0.000         0.000         0.000         0.000
 U23            0.000         0.000         0.000         0.000         0.000
 U24            0.000         0.000         0.000         0.000         0.000


           THETA
              U22           U23           U24
              ________      ________      ________
 U22            0.000
 U23            0.000         0.000
 U24            0.000         0.000         0.000


           ALPHA
              C1#1          C2#1
              ________      ________
                0.000         0.000


           BETA
              C1#1          C2#1
              ________      ________
 C1#1           0.000         0.000
 C2#1           0.000         0.000


           PSI
              C1#1          C2#1
              ________      ________
 C1#1           0.050
 C2#1           0.000         0.050


     STARTING VALUES FOR BETWEEN LEVEL, LATENT CLASS PATTERN 2 1


           NU
              U1            U2            U3            U4            U21
              ________      ________      ________      ________      ________
                0.000         0.000         0.000         0.000         0.000


           NU
              U22           U23           U24
              ________      ________      ________
                0.000         0.000         0.000


           LAMBDA
              C1#1          C2#1
              ________      ________
 U1             0.000         0.000
 U2             0.000         0.000
 U3             0.000         0.000
 U4             0.000         0.000
 U21            0.000         0.000
 U22            0.000         0.000
 U23            0.000         0.000
 U24            0.000         0.000


           THETA
              U1            U2            U3            U4            U21
              ________      ________      ________      ________      ________
 U1             0.000
 U2             0.000         0.000
 U3             0.000         0.000         0.000
 U4             0.000         0.000         0.000         0.000
 U21            0.000         0.000         0.000         0.000         0.000
 U22            0.000         0.000         0.000         0.000         0.000
 U23            0.000         0.000         0.000         0.000         0.000
 U24            0.000         0.000         0.000         0.000         0.000


           THETA
              U22           U23           U24
              ________      ________      ________
 U22            0.000
 U23            0.000         0.000
 U24            0.000         0.000         0.000


           ALPHA
              C1#1          C2#1
              ________      ________
                0.000         0.000


           BETA
              C1#1          C2#1
              ________      ________
 C1#1           0.000         0.000
 C2#1           0.000         0.000


           PSI
              C1#1          C2#1
              ________      ________
 C1#1           0.050
 C2#1           0.000         0.050


     STARTING VALUES FOR BETWEEN LEVEL, LATENT CLASS PATTERN 2 2


           NU
              U1            U2            U3            U4            U21
              ________      ________      ________      ________      ________
                0.000         0.000         0.000         0.000         0.000


           NU
              U22           U23           U24
              ________      ________      ________
                0.000         0.000         0.000


           LAMBDA
              C1#1          C2#1
              ________      ________
 U1             0.000         0.000
 U2             0.000         0.000
 U3             0.000         0.000
 U4             0.000         0.000
 U21            0.000         0.000
 U22            0.000         0.000
 U23            0.000         0.000
 U24            0.000         0.000


           THETA
              U1            U2            U3            U4            U21
              ________      ________      ________      ________      ________
 U1             0.000
 U2             0.000         0.000
 U3             0.000         0.000         0.000
 U4             0.000         0.000         0.000         0.000
 U21            0.000         0.000         0.000         0.000         0.000
 U22            0.000         0.000         0.000         0.000         0.000
 U23            0.000         0.000         0.000         0.000         0.000
 U24            0.000         0.000         0.000         0.000         0.000


           THETA
              U22           U23           U24
              ________      ________      ________
 U22            0.000
 U23            0.000         0.000
 U24            0.000         0.000         0.000


           ALPHA
              C1#1          C2#1
              ________      ________
                0.000         0.000


           BETA
              C1#1          C2#1
              ________      ________
 C1#1           0.000         0.000
 C2#1           0.000         0.000


           PSI
              C1#1          C2#1
              ________      ________
 C1#1           0.050
 C2#1           0.000         0.050


     STARTING VALUES FOR LATENT CLASS INDICATOR MODEL PART (WITHIN)


           TAU(U) FOR LATENT CLASS PATTERN 1 1
              U1$1          U2$1          U3$1          U4$1          U21$1
              ________      ________      ________      ________      ________
                0.000         0.000         0.000         0.000         0.000


           TAU(U) FOR LATENT CLASS PATTERN 1 1
              U22$1         U23$1         U24$1
              ________      ________      ________
                0.000         0.000         0.000


           TAU(U) FOR LATENT CLASS PATTERN 1 2
              U1$1          U2$1          U3$1          U4$1          U21$1
              ________      ________      ________      ________      ________
                0.000         0.000         0.000         0.000         0.000


           TAU(U) FOR LATENT CLASS PATTERN 1 2
              U22$1         U23$1         U24$1
              ________      ________      ________
                0.000         0.000         0.000


           TAU(U) FOR LATENT CLASS PATTERN 2 1
              U1$1          U2$1          U3$1          U4$1          U21$1
              ________      ________      ________      ________      ________
                0.000         0.000         0.000         0.000         0.000


           TAU(U) FOR LATENT CLASS PATTERN 2 1
              U22$1         U23$1         U24$1
              ________      ________      ________
                0.000         0.000         0.000


           TAU(U) FOR LATENT CLASS PATTERN 2 2
              U1$1          U2$1          U3$1          U4$1          U21$1
              ________      ________      ________      ________      ________
                0.000         0.000         0.000         0.000         0.000


           TAU(U) FOR LATENT CLASS PATTERN 2 2
              U22$1         U23$1         U24$1
              ________      ________      ________
                0.000         0.000         0.000


     STARTING VALUES FOR LATENT CLASS INDICATOR MODEL PART (BETWEEN)


           TAU(U) FOR LATENT CLASS PATTERN 1 1
              U1$1          U2$1          U3$1          U4$1          U21$1
              ________      ________      ________      ________      ________
                1.713         0.345        -0.941        -1.719         1.713


           TAU(U) FOR LATENT CLASS PATTERN 1 1
              U22$1         U23$1         U24$1
              ________      ________      ________
                0.345        -0.941        -1.719


           TAU(U) FOR LATENT CLASS PATTERN 1 2
              U1$1          U2$1          U3$1          U4$1          U21$1
              ________      ________      ________      ________      ________
                1.713         0.345        -0.941        -1.719         2.713


           TAU(U) FOR LATENT CLASS PATTERN 1 2
              U22$1         U23$1         U24$1
              ________      ________      ________
                1.345         0.059        -0.719


           TAU(U) FOR LATENT CLASS PATTERN 2 1
              U1$1          U2$1          U3$1          U4$1          U21$1
              ________      ________      ________      ________      ________
                2.713         1.345         0.059        -0.719         1.713


           TAU(U) FOR LATENT CLASS PATTERN 2 1
              U22$1         U23$1         U24$1
              ________      ________      ________
                0.345        -0.941        -1.719


           TAU(U) FOR LATENT CLASS PATTERN 2 2
              U1$1          U2$1          U3$1          U4$1          U21$1
              ________      ________      ________      ________      ________
                2.713         1.345         0.059        -0.719         2.713


           TAU(U) FOR LATENT CLASS PATTERN 2 2
              U22$1         U23$1         U24$1
              ________      ________      ________
                1.345         0.059        -0.719


     STARTING VALUES FOR LATENT CLASS REGRESSION MODEL PART


           ALPHA(C)
              C1#1          C1#2          C2#1          C2#2
              ________      ________      ________      ________
                0.000         0.000         0.000         0.000


           GAMMA(C)
              C1#1          C2#1
              ________      ________
 C1#1           0.000         0.000
 C1#2           0.000         0.000
 C2#1           0.000         0.000
 C2#2           0.000         0.000


           BETA(C)
              C1#1          C1#2
              ________      ________
 C2#1           0.000         0.000
 C2#2           0.000         0.000


     STARTING VALUES FOR THE ADDITIONAL PARAMETERS


           NEW/ADDITIONAL PARAMETERS
              LOG11         LOG21         PROB11        PROB12        PROB21
              ________      ________      ________      ________      ________
                0.500         0.500         0.500         0.500         0.500


           NEW/ADDITIONAL PARAMETERS
              PROB22        ODDS12        ODDS21
              ________      ________      ________
                0.500         0.500         0.500


     Beginning Time:  00:43:11
        Ending Time:  01:10:32
       Elapsed Time:  00:27:21



MUTHEN & MUTHEN
3463 Stoner Ave.
Los Angeles, CA  90066

Tel: (310) 391-9971
Fax: (310) 391-8971
Web: www.StatModel.com
Support: Support@StatModel.com

Copyright (c) 1998-2018 Muthen & Muthen
